[2025-09-02 07:19:25] [INFO] 🟣 Initializing Solana token monitoring system...
[2025-09-02 07:19:25] [INFO] 🔄 Testing database connection...
[2025-09-02 07:19:27] [ERROR] ❌ Database connection failed
[2025-09-02 07:22:11] [INFO] 🟣 Initializing Solana token monitoring system...
[2025-09-02 07:22:11] [INFO] 🔄 Testing database connection...
[2025-09-02 07:22:13] [ERROR] ❌ Database connection failed
[2025-09-02 07:22:26] [INFO] 🟣 Initializing Solana token monitoring system...
[2025-09-02 07:22:26] [INFO] 🔄 Testing database connection...
[2025-09-02 07:22:28] [ERROR] ❌ Database connection failed
[2025-09-02 07:25:15] [INFO] 🟣 Initializing Solana token monitoring system...
[2025-09-02 07:25:15] [INFO] 🔄 Testing database connection...
[2025-09-02 07:25:18] [INFO] ✅ Solana monitoring system initialized
[2025-09-02 07:25:18] [INFO] 🟣 Solana Configuration Summary: {
  "nodeEnv": "development",
  "port": 3000,
  "blockchain": "Solana",
  "cluster": "mainnet-beta",
  "rpcUrl": "https://api.mainnet-beta.solana.com",
  "supportedDEXs": [
    "raydium",
    "orca",
    "jupiter",
    "serum"
  ],
  "priorityDEXs": [
    "raydium",
    "orca",
    "jupiter"
  ],
  "scanInterval": "3 minutes",
  "maxTokensPerScan": 150,
  "logLevel": "info",
  "dbHost": "db.quxevkqidkqpkydlssni.supabase.co",
  "dbName": "postgres",
  "filterSummary": {
    "minHolders": 30,
    "minVolume": "$500",
    "minLiquidity": "$2000",
    "maxTokenAge": "24h",
    "maxRugScore": 6
  }
}
[2025-09-02 07:25:18] [INFO] 🟣 Solana Token Monitor API running on http://localhost:3000
[2025-09-02 07:25:18] [INFO] 🎯 Monitoring DEXs: raydium, orca, jupiter, serum
[2025-09-02 07:25:55] [ERROR] Error fetching tokens: {
  "length": 114,
  "name": "error",
  "severity": "ERROR",
  "code": "42703",
  "position": "107",
  "file": "parse_relation.c",
  "line": "3716",
  "routine": "errorMissingColumn"
}
[2025-09-02 07:25:58] [ERROR] Error fetching tokens: {
  "length": 114,
  "name": "error",
  "severity": "ERROR",
  "code": "42703",
  "position": "128",
  "file": "parse_relation.c",
  "line": "3716",
  "routine": "errorMissingColumn"
}
[2025-09-02 07:25:58] [ERROR] Error fetching tokens: {
  "length": 114,
  "name": "error",
  "severity": "ERROR",
  "code": "42703",
  "position": "107",
  "file": "parse_relation.c",
  "line": "3716",
  "routine": "errorMissingColumn"
}
[2025-09-02 07:25:58] [ERROR] Error fetching tokens: {
  "length": 114,
  "name": "error",
  "severity": "ERROR",
  "code": "42703",
  "position": "107",
  "file": "parse_relation.c",
  "line": "3716",
  "routine": "errorMissingColumn"
}
[2025-09-02 07:26:03] [ERROR] Error fetching tokens: {
  "length": 114,
  "name": "error",
  "severity": "ERROR",
  "code": "42703",
  "position": "107",
  "file": "parse_relation.c",
  "line": "3716",
  "routine": "errorMissingColumn"
}
[2025-09-02 07:26:33] [ERROR] Error fetching tokens: {
  "length": 114,
  "name": "error",
  "severity": "ERROR",
  "code": "42703",
  "position": "107",
  "file": "parse_relation.c",
  "line": "3716",
  "routine": "errorMissingColumn"
}
[2025-09-02 07:26:56] [ERROR] Error fetching tokens: {
  "length": 114,
  "name": "error",
  "severity": "ERROR",
  "code": "42703",
  "position": "107",
  "file": "parse_relation.c",
  "line": "3716",
  "routine": "errorMissingColumn"
}
[2025-09-02 07:26:58] [ERROR] Error fetching tokens: {
  "length": 114,
  "name": "error",
  "severity": "ERROR",
  "code": "42703",
  "position": "128",
  "file": "parse_relation.c",
  "line": "3716",
  "routine": "errorMissingColumn"
}
[2025-09-02 07:26:58] [ERROR] Error fetching tokens: {
  "length": 114,
  "name": "error",
  "severity": "ERROR",
  "code": "42703",
  "position": "107",
  "file": "parse_relation.c",
  "line": "3716",
  "routine": "errorMissingColumn"
}
[2025-09-02 07:27:03] [ERROR] Error fetching tokens: {
  "length": 114,
  "name": "error",
  "severity": "ERROR",
  "code": "42703",
  "position": "107",
  "file": "parse_relation.c",
  "line": "3716",
  "routine": "errorMissingColumn"
}
[2025-09-02 07:27:33] [ERROR] Error fetching tokens: {
  "length": 114,
  "name": "error",
  "severity": "ERROR",
  "code": "42703",
  "position": "107",
  "file": "parse_relation.c",
  "line": "3716",
  "routine": "errorMissingColumn"
}
[2025-09-02 07:27:56] [ERROR] Error fetching tokens: {
  "length": 114,
  "name": "error",
  "severity": "ERROR",
  "code": "42703",
  "position": "128",
  "file": "parse_relation.c",
  "line": "3716",
  "routine": "errorMissingColumn"
}
[2025-09-02 07:27:58] [ERROR] Error fetching tokens: {
  "length": 114,
  "name": "error",
  "severity": "ERROR",
  "code": "42703",
  "position": "107",
  "file": "parse_relation.c",
  "line": "3716",
  "routine": "errorMissingColumn"
}
[2025-09-02 07:27:58] [ERROR] Error fetching tokens: {
  "length": 114,
  "name": "error",
  "severity": "ERROR",
  "code": "42703",
  "position": "107",
  "file": "parse_relation.c",
  "line": "3716",
  "routine": "errorMissingColumn"
}
[2025-09-02 07:28:03] [ERROR] Error fetching tokens: {
  "length": 114,
  "name": "error",
  "severity": "ERROR",
  "code": "42703",
  "position": "107",
  "file": "parse_relation.c",
  "line": "3716",
  "routine": "errorMissingColumn"
}
[2025-09-02 07:28:33] [ERROR] Error fetching tokens: {
  "length": 114,
  "name": "error",
  "severity": "ERROR",
  "code": "42703",
  "position": "107",
  "file": "parse_relation.c",
  "line": "3716",
  "routine": "errorMissingColumn"
}
[2025-09-02 07:28:56] [ERROR] Error fetching tokens: {
  "length": 114,
  "name": "error",
  "severity": "ERROR",
  "code": "42703",
  "position": "128",
  "file": "parse_relation.c",
  "line": "3716",
  "routine": "errorMissingColumn"
}
[2025-09-02 07:28:59] [ERROR] Error fetching tokens: {
  "length": 114,
  "name": "error",
  "severity": "ERROR",
  "code": "42703",
  "position": "107",
  "file": "parse_relation.c",
  "line": "3716",
  "routine": "errorMissingColumn"
}
[2025-09-02 07:28:59] [ERROR] Error fetching tokens: {
  "length": 114,
  "name": "error",
  "severity": "ERROR",
  "code": "42703",
  "position": "107",
  "file": "parse_relation.c",
  "line": "3716",
  "routine": "errorMissingColumn"
}
[2025-09-02 07:29:03] [ERROR] Error fetching tokens: {
  "length": 114,
  "name": "error",
  "severity": "ERROR",
  "code": "42703",
  "position": "107",
  "file": "parse_relation.c",
  "line": "3716",
  "routine": "errorMissingColumn"
}
[2025-09-02 07:29:33] [ERROR] Error fetching tokens: {
  "length": 114,
  "name": "error",
  "severity": "ERROR",
  "code": "42703",
  "position": "107",
  "file": "parse_relation.c",
  "line": "3716",
  "routine": "errorMissingColumn"
}
[2025-09-02 07:29:56] [ERROR] Error fetching tokens: {
  "length": 114,
  "name": "error",
  "severity": "ERROR",
  "code": "42703",
  "position": "107",
  "file": "parse_relation.c",
  "line": "3716",
  "routine": "errorMissingColumn"
}
[2025-09-02 07:29:58] [ERROR] Error fetching tokens: {
  "length": 114,
  "name": "error",
  "severity": "ERROR",
  "code": "42703",
  "position": "128",
  "file": "parse_relation.c",
  "line": "3716",
  "routine": "errorMissingColumn"
}
[2025-09-02 07:29:58] [ERROR] Error fetching tokens: {
  "length": 114,
  "name": "error",
  "severity": "ERROR",
  "code": "42703",
  "position": "107",
  "file": "parse_relation.c",
  "line": "3716",
  "routine": "errorMissingColumn"
}
[2025-09-02 07:30:03] [ERROR] Error fetching tokens: {
  "length": 114,
  "name": "error",
  "severity": "ERROR",
  "code": "42703",
  "position": "107",
  "file": "parse_relation.c",
  "line": "3716",
  "routine": "errorMissingColumn"
}
[2025-09-02 07:30:33] [ERROR] Error fetching tokens: {
  "length": 114,
  "name": "error",
  "severity": "ERROR",
  "code": "42703",
  "position": "107",
  "file": "parse_relation.c",
  "line": "3716",
  "routine": "errorMissingColumn"
}
[2025-09-02 07:30:56] [ERROR] Error fetching tokens: {
  "length": 114,
  "name": "error",
  "severity": "ERROR",
  "code": "42703",
  "position": "128",
  "file": "parse_relation.c",
  "line": "3716",
  "routine": "errorMissingColumn"
}
[2025-09-02 07:30:58] [ERROR] Error fetching tokens: {
  "length": 114,
  "name": "error",
  "severity": "ERROR",
  "code": "42703",
  "position": "107",
  "file": "parse_relation.c",
  "line": "3716",
  "routine": "errorMissingColumn"
}
[2025-09-02 07:30:58] [ERROR] Error fetching tokens: {
  "length": 114,
  "name": "error",
  "severity": "ERROR",
  "code": "42703",
  "position": "107",
  "file": "parse_relation.c",
  "line": "3716",
  "routine": "errorMissingColumn"
}
[2025-09-02 07:31:03] [ERROR] Error fetching tokens: {
  "length": 114,
  "name": "error",
  "severity": "ERROR",
  "code": "42703",
  "position": "107",
  "file": "parse_relation.c",
  "line": "3716",
  "routine": "errorMissingColumn"
}
[2025-09-02 07:31:33] [ERROR] Error fetching tokens: {
  "length": 114,
  "name": "error",
  "severity": "ERROR",
  "code": "42703",
  "position": "107",
  "file": "parse_relation.c",
  "line": "3716",
  "routine": "errorMissingColumn"
}
[2025-09-02 07:31:56] [ERROR] Error fetching tokens: {
  "length": 114,
  "name": "error",
  "severity": "ERROR",
  "code": "42703",
  "position": "107",
  "file": "parse_relation.c",
  "line": "3716",
  "routine": "errorMissingColumn"
}
[2025-09-02 07:31:58] [ERROR] Error fetching tokens: {
  "length": 114,
  "name": "error",
  "severity": "ERROR",
  "code": "42703",
  "position": "128",
  "file": "parse_relation.c",
  "line": "3716",
  "routine": "errorMissingColumn"
}
[2025-09-02 07:31:58] [ERROR] Error fetching tokens: {
  "length": 114,
  "name": "error",
  "severity": "ERROR",
  "code": "42703",
  "position": "107",
  "file": "parse_relation.c",
  "line": "3716",
  "routine": "errorMissingColumn"
}
[2025-09-02 07:32:03] [ERROR] Error fetching tokens: {
  "length": 114,
  "name": "error",
  "severity": "ERROR",
  "code": "42703",
  "position": "107",
  "file": "parse_relation.c",
  "line": "3716",
  "routine": "errorMissingColumn"
}
[2025-09-02 07:32:33] [ERROR] Error fetching tokens: {
  "length": 114,
  "name": "error",
  "severity": "ERROR",
  "code": "42703",
  "position": "107",
  "file": "parse_relation.c",
  "line": "3716",
  "routine": "errorMissingColumn"
}
[2025-09-02 07:32:56] [ERROR] Error fetching tokens: {
  "length": 114,
  "name": "error",
  "severity": "ERROR",
  "code": "42703",
  "position": "128",
  "file": "parse_relation.c",
  "line": "3716",
  "routine": "errorMissingColumn"
}
[2025-09-02 07:32:58] [ERROR] Error fetching tokens: {
  "length": 114,
  "name": "error",
  "severity": "ERROR",
  "code": "42703",
  "position": "107",
  "file": "parse_relation.c",
  "line": "3716",
  "routine": "errorMissingColumn"
}
[2025-09-02 07:32:58] [ERROR] Error fetching tokens: {
  "length": 114,
  "name": "error",
  "severity": "ERROR",
  "code": "42703",
  "position": "107",
  "file": "parse_relation.c",
  "line": "3716",
  "routine": "errorMissingColumn"
}
[2025-09-02 07:33:03] [ERROR] Error fetching tokens: {
  "length": 114,
  "name": "error",
  "severity": "ERROR",
  "code": "42703",
  "position": "107",
  "file": "parse_relation.c",
  "line": "3716",
  "routine": "errorMissingColumn"
}
[2025-09-02 07:33:33] [ERROR] Error fetching tokens: {
  "length": 114,
  "name": "error",
  "severity": "ERROR",
  "code": "42703",
  "position": "107",
  "file": "parse_relation.c",
  "line": "3716",
  "routine": "errorMissingColumn"
}
[2025-09-02 07:33:56] [ERROR] Error fetching tokens: {
  "length": 114,
  "name": "error",
  "severity": "ERROR",
  "code": "42703",
  "position": "107",
  "file": "parse_relation.c",
  "line": "3716",
  "routine": "errorMissingColumn"
}
[2025-09-02 07:33:58] [ERROR] Error fetching tokens: {
  "length": 114,
  "name": "error",
  "severity": "ERROR",
  "code": "42703",
  "position": "128",
  "file": "parse_relation.c",
  "line": "3716",
  "routine": "errorMissingColumn"
}
[2025-09-02 07:33:59] [ERROR] Error fetching tokens: {
  "length": 114,
  "name": "error",
  "severity": "ERROR",
  "code": "42703",
  "position": "107",
  "file": "parse_relation.c",
  "line": "3716",
  "routine": "errorMissingColumn"
}
[2025-09-02 07:34:03] [ERROR] Error fetching tokens: {
  "length": 114,
  "name": "error",
  "severity": "ERROR",
  "code": "42703",
  "position": "107",
  "file": "parse_relation.c",
  "line": "3716",
  "routine": "errorMissingColumn"
}
[2025-09-02 07:34:33] [ERROR] Error fetching tokens: {
  "length": 114,
  "name": "error",
  "severity": "ERROR",
  "code": "42703",
  "position": "107",
  "file": "parse_relation.c",
  "line": "3716",
  "routine": "errorMissingColumn"
}
[2025-09-02 07:34:56] [ERROR] Error fetching tokens: {
  "length": 114,
  "name": "error",
  "severity": "ERROR",
  "code": "42703",
  "position": "107",
  "file": "parse_relation.c",
  "line": "3716",
  "routine": "errorMissingColumn"
}
[2025-09-02 07:34:58] [ERROR] Error fetching tokens: {
  "length": 114,
  "name": "error",
  "severity": "ERROR",
  "code": "42703",
  "position": "107",
  "file": "parse_relation.c",
  "line": "3716",
  "routine": "errorMissingColumn"
}
[2025-09-02 07:34:58] [ERROR] Error fetching tokens: {
  "length": 114,
  "name": "error",
  "severity": "ERROR",
  "code": "42703",
  "position": "128",
  "file": "parse_relation.c",
  "line": "3716",
  "routine": "errorMissingColumn"
}
[2025-09-02 07:35:03] [ERROR] Error fetching tokens: {
  "length": 114,
  "name": "error",
  "severity": "ERROR",
  "code": "42703",
  "position": "107",
  "file": "parse_relation.c",
  "line": "3716",
  "routine": "errorMissingColumn"
}
[2025-09-02 07:35:33] [ERROR] Error fetching tokens: {
  "length": 114,
  "name": "error",
  "severity": "ERROR",
  "code": "42703",
  "position": "107",
  "file": "parse_relation.c",
  "line": "3716",
  "routine": "errorMissingColumn"
}
[2025-09-02 07:35:56] [ERROR] Error fetching tokens: {
  "length": 114,
  "name": "error",
  "severity": "ERROR",
  "code": "42703",
  "position": "107",
  "file": "parse_relation.c",
  "line": "3716",
  "routine": "errorMissingColumn"
}
[2025-09-02 07:35:58] [ERROR] Error fetching tokens: {
  "length": 114,
  "name": "error",
  "severity": "ERROR",
  "code": "42703",
  "position": "107",
  "file": "parse_relation.c",
  "line": "3716",
  "routine": "errorMissingColumn"
}
[2025-09-02 07:35:58] [ERROR] Error fetching tokens: {
  "length": 114,
  "name": "error",
  "severity": "ERROR",
  "code": "42703",
  "position": "128",
  "file": "parse_relation.c",
  "line": "3716",
  "routine": "errorMissingColumn"
}
[2025-09-02 07:36:03] [ERROR] Error fetching tokens: {
  "length": 114,
  "name": "error",
  "severity": "ERROR",
  "code": "42703",
  "position": "107",
  "file": "parse_relation.c",
  "line": "3716",
  "routine": "errorMissingColumn"
}
[2025-09-02 07:36:33] [ERROR] Error fetching tokens: {
  "length": 114,
  "name": "error",
  "severity": "ERROR",
  "code": "42703",
  "position": "107",
  "file": "parse_relation.c",
  "line": "3716",
  "routine": "errorMissingColumn"
}
[2025-09-02 07:36:44] [ERROR] Error fetching tokens: {
  "length": 114,
  "name": "error",
  "severity": "ERROR",
  "code": "42703",
  "position": "107",
  "file": "parse_relation.c",
  "line": "3716",
  "routine": "errorMissingColumn"
}
[2025-09-02 07:36:46] [ERROR] Error fetching tokens: {
  "length": 114,
  "name": "error",
  "severity": "ERROR",
  "code": "42703",
  "position": "107",
  "file": "parse_relation.c",
  "line": "3716",
  "routine": "errorMissingColumn"
}
[2025-09-02 07:36:56] [ERROR] Error fetching tokens: {
  "length": 114,
  "name": "error",
  "severity": "ERROR",
  "code": "42703",
  "position": "107",
  "file": "parse_relation.c",
  "line": "3716",
  "routine": "errorMissingColumn"
}
[2025-09-02 07:36:56] [ERROR] Error fetching tokens: {
  "length": 114,
  "name": "error",
  "severity": "ERROR",
  "code": "42703",
  "position": "128",
  "file": "parse_relation.c",
  "line": "3716",
  "routine": "errorMissingColumn"
}
[2025-09-02 07:36:58] [ERROR] Error fetching tokens: {
  "length": 114,
  "name": "error",
  "severity": "ERROR",
  "code": "42703",
  "position": "107",
  "file": "parse_relation.c",
  "line": "3716",
  "routine": "errorMissingColumn"
}
[2025-09-02 07:36:59] [ERROR] Error fetching tokens: {
  "length": 114,
  "name": "error",
  "severity": "ERROR",
  "code": "42703",
  "position": "107",
  "file": "parse_relation.c",
  "line": "3716",
  "routine": "errorMissingColumn"
}
[2025-09-02 07:37:14] [ERROR] Error fetching tokens: {
  "length": 114,
  "name": "error",
  "severity": "ERROR",
  "code": "42703",
  "position": "107",
  "file": "parse_relation.c",
  "line": "3716",
  "routine": "errorMissingColumn"
}
[2025-09-02 07:37:44] [ERROR] Error fetching tokens: {
  "length": 114,
  "name": "error",
  "severity": "ERROR",
  "code": "42703",
  "position": "107",
  "file": "parse_relation.c",
  "line": "3716",
  "routine": "errorMissingColumn"
}
[2025-09-02 07:37:56] [ERROR] Error fetching tokens: {
  "length": 114,
  "name": "error",
  "severity": "ERROR",
  "code": "42703",
  "position": "128",
  "file": "parse_relation.c",
  "line": "3716",
  "routine": "errorMissingColumn"
}
[2025-09-02 07:37:58] [ERROR] Error fetching tokens: {
  "length": 114,
  "name": "error",
  "severity": "ERROR",
  "code": "42703",
  "position": "107",
  "file": "parse_relation.c",
  "line": "3716",
  "routine": "errorMissingColumn"
}
[2025-09-02 07:37:58] [ERROR] Error fetching tokens: {
  "length": 114,
  "name": "error",
  "severity": "ERROR",
  "code": "42703",
  "position": "107",
  "file": "parse_relation.c",
  "line": "3716",
  "routine": "errorMissingColumn"
}
[2025-09-02 07:38:15] [ERROR] Error fetching tokens: {
  "length": 114,
  "name": "error",
  "severity": "ERROR",
  "code": "42703",
  "position": "107",
  "file": "parse_relation.c",
  "line": "3716",
  "routine": "errorMissingColumn"
}
[2025-09-02 07:38:45] [ERROR] Error fetching tokens: {
  "length": 114,
  "name": "error",
  "severity": "ERROR",
  "code": "42703",
  "position": "107",
  "file": "parse_relation.c",
  "line": "3716",
  "routine": "errorMissingColumn"
}
[2025-09-02 07:38:56] [ERROR] Error fetching tokens: {
  "length": 114,
  "name": "error",
  "severity": "ERROR",
  "code": "42703",
  "position": "128",
  "file": "parse_relation.c",
  "line": "3716",
  "routine": "errorMissingColumn"
}
[2025-09-02 07:38:59] [ERROR] Error fetching tokens: {
  "length": 114,
  "name": "error",
  "severity": "ERROR",
  "code": "42703",
  "position": "107",
  "file": "parse_relation.c",
  "line": "3716",
  "routine": "errorMissingColumn"
}
[2025-09-02 07:38:59] [ERROR] Error fetching tokens: {
  "length": 114,
  "name": "error",
  "severity": "ERROR",
  "code": "42703",
  "position": "107",
  "file": "parse_relation.c",
  "line": "3716",
  "routine": "errorMissingColumn"
}
[2025-09-02 07:39:15] [ERROR] Error fetching tokens: {
  "length": 114,
  "name": "error",
  "severity": "ERROR",
  "code": "42703",
  "position": "107",
  "file": "parse_relation.c",
  "line": "3716",
  "routine": "errorMissingColumn"
}
[2025-09-02 07:39:45] [ERROR] Error fetching tokens: {
  "length": 114,
  "name": "error",
  "severity": "ERROR",
  "code": "42703",
  "position": "107",
  "file": "parse_relation.c",
  "line": "3716",
  "routine": "errorMissingColumn"
}
[2025-09-02 07:39:58] [ERROR] Error fetching tokens: {
  "length": 114,
  "name": "error",
  "severity": "ERROR",
  "code": "42703",
  "position": "107",
  "file": "parse_relation.c",
  "line": "3716",
  "routine": "errorMissingColumn"
}
[2025-09-02 07:39:58] [ERROR] Error fetching tokens: {
  "length": 114,
  "name": "error",
  "severity": "ERROR",
  "code": "42703",
  "position": "128",
  "file": "parse_relation.c",
  "line": "3716",
  "routine": "errorMissingColumn"
}
[2025-09-02 07:39:58] [ERROR] Error fetching tokens: {
  "length": 114,
  "name": "error",
  "severity": "ERROR",
  "code": "42703",
  "position": "107",
  "file": "parse_relation.c",
  "line": "3716",
  "routine": "errorMissingColumn"
}
[2025-09-02 07:40:15] [ERROR] Error fetching tokens: {
  "length": 114,
  "name": "error",
  "severity": "ERROR",
  "code": "42703",
  "position": "107",
  "file": "parse_relation.c",
  "line": "3716",
  "routine": "errorMissingColumn"
}
[2025-09-02 07:40:58] [ERROR] Error fetching tokens: {
  "length": 114,
  "name": "error",
  "severity": "ERROR",
  "code": "42703",
  "position": "107",
  "file": "parse_relation.c",
  "line": "3716",
  "routine": "errorMissingColumn"
}
[2025-09-02 07:40:58] [ERROR] Error fetching tokens: {
  "length": 114,
  "name": "error",
  "severity": "ERROR",
  "code": "42703",
  "position": "107",
  "file": "parse_relation.c",
  "line": "3716",
  "routine": "errorMissingColumn"
}
[2025-09-02 07:40:58] [ERROR] Error fetching tokens: {
  "length": 114,
  "name": "error",
  "severity": "ERROR",
  "code": "42703",
  "position": "107",
  "file": "parse_relation.c",
  "line": "3716",
  "routine": "errorMissingColumn"
}
[2025-09-02 07:40:58] [ERROR] Error fetching tokens: {
  "length": 114,
  "name": "error",
  "severity": "ERROR",
  "code": "42703",
  "position": "128",
  "file": "parse_relation.c",
  "line": "3716",
  "routine": "errorMissingColumn"
}
[2025-09-02 07:41:11] [ERROR] Error fetching tokens: {
  "length": 114,
  "name": "error",
  "severity": "ERROR",
  "code": "42703",
  "position": "107",
  "file": "parse_relation.c",
  "line": "3716",
  "routine": "errorMissingColumn"
}
[2025-09-02 07:41:14] [ERROR] Error fetching tokens: {
  "length": 114,
  "name": "error",
  "severity": "ERROR",
  "code": "42703",
  "position": "107",
  "file": "parse_relation.c",
  "line": "3716",
  "routine": "errorMissingColumn"
}
[2025-09-02 07:41:46] [ERROR] Error fetching tokens: {
  "length": 114,
  "name": "error",
  "severity": "ERROR",
  "code": "42703",
  "position": "107",
  "file": "parse_relation.c",
  "line": "3716",
  "routine": "errorMissingColumn"
}
[2025-09-02 07:41:56] [ERROR] Error fetching tokens: {
  "length": 114,
  "name": "error",
  "severity": "ERROR",
  "code": "42703",
  "position": "128",
  "file": "parse_relation.c",
  "line": "3716",
  "routine": "errorMissingColumn"
}
[2025-09-02 07:41:58] [ERROR] Error fetching tokens: {
  "length": 114,
  "name": "error",
  "severity": "ERROR",
  "code": "42703",
  "position": "107",
  "file": "parse_relation.c",
  "line": "3716",
  "routine": "errorMissingColumn"
}
[2025-09-02 07:41:58] [ERROR] Error fetching tokens: {
  "length": 114,
  "name": "error",
  "severity": "ERROR",
  "code": "42703",
  "position": "107",
  "file": "parse_relation.c",
  "line": "3716",
  "routine": "errorMissingColumn"
}
[2025-09-02 07:42:15] [ERROR] Error fetching tokens: {
  "length": 114,
  "name": "error",
  "severity": "ERROR",
  "code": "42703",
  "position": "107",
  "file": "parse_relation.c",
  "line": "3716",
  "routine": "errorMissingColumn"
}
[2025-09-02 07:42:54] [ERROR] Error fetching stats: {
  "errno": -3008,
  "code": "ENOTFOUND",
  "syscall": "getaddrinfo",
  "hostname": "db.quxevkqidkqpkydlssni.supabase.co"
}
[2025-09-02 07:42:55] [ERROR] Error fetching tokens: {}
[2025-09-02 07:42:56] [ERROR] Error fetching tokens: {
  "errno": -3008,
  "code": "ENOTFOUND",
  "syscall": "getaddrinfo",
  "hostname": "db.quxevkqidkqpkydlssni.supabase.co"
}
[2025-09-02 07:42:56] [ERROR] Error fetching stats: {
  "errno": -3008,
  "code": "ENOTFOUND",
  "syscall": "getaddrinfo",
  "hostname": "db.quxevkqidkqpkydlssni.supabase.co"
}
[2025-09-02 07:42:56] [ERROR] Error fetching stats: {
  "errno": -3008,
  "code": "ENOTFOUND",
  "syscall": "getaddrinfo",
  "hostname": "db.quxevkqidkqpkydlssni.supabase.co"
}
[2025-09-02 07:42:56] [ERROR] Error fetching tokens: {
  "errno": -3008,
  "code": "ENOTFOUND",
  "syscall": "getaddrinfo",
  "hostname": "db.quxevkqidkqpkydlssni.supabase.co"
}
[2025-09-02 07:42:56] [ERROR] Error fetching tokens: {
  "errno": -3008,
  "code": "ENOTFOUND",
  "syscall": "getaddrinfo",
  "hostname": "db.quxevkqidkqpkydlssni.supabase.co"
}
[2025-09-02 07:42:56] [ERROR] Error fetching stats: {
  "errno": -3008,
  "code": "ENOTFOUND",
  "syscall": "getaddrinfo",
  "hostname": "db.quxevkqidkqpkydlssni.supabase.co"
}
[2025-09-02 07:43:46] [ERROR] Error fetching tokens: {
  "errno": -3008,
  "code": "ENOTFOUND",
  "syscall": "getaddrinfo",
  "hostname": "db.quxevkqidkqpkydlssni.supabase.co"
}
[2025-09-02 07:43:46] [ERROR] Error fetching stats: {
  "errno": -3008,
  "code": "ENOTFOUND",
  "syscall": "getaddrinfo",
  "hostname": "db.quxevkqidkqpkydlssni.supabase.co"
}
[2025-09-02 07:43:56] [ERROR] Error fetching stats: {
  "errno": -3008,
  "code": "ENOTFOUND",
  "syscall": "getaddrinfo",
  "hostname": "db.quxevkqidkqpkydlssni.supabase.co"
}
[2025-09-02 07:43:56] [ERROR] Error fetching tokens: {
  "errno": -3008,
  "code": "ENOTFOUND",
  "syscall": "getaddrinfo",
  "hostname": "db.quxevkqidkqpkydlssni.supabase.co"
}
[2025-09-02 07:43:56] [ERROR] Error fetching tokens: {
  "errno": -3008,
  "code": "ENOTFOUND",
  "syscall": "getaddrinfo",
  "hostname": "db.quxevkqidkqpkydlssni.supabase.co"
}
[2025-09-02 07:43:56] [ERROR] Error fetching stats: {
  "errno": -3008,
  "code": "ENOTFOUND",
  "syscall": "getaddrinfo",
  "hostname": "db.quxevkqidkqpkydlssni.supabase.co"
}
[2025-09-02 07:43:56] [ERROR] Error fetching stats: {
  "errno": -3008,
  "code": "ENOTFOUND",
  "syscall": "getaddrinfo",
  "hostname": "db.quxevkqidkqpkydlssni.supabase.co"
}
[2025-09-02 07:43:56] [ERROR] Error fetching tokens: {
  "errno": -3008,
  "code": "ENOTFOUND",
  "syscall": "getaddrinfo",
  "hostname": "db.quxevkqidkqpkydlssni.supabase.co"
}
[2025-09-02 07:44:47] [ERROR] Error fetching tokens: {
  "errno": -3008,
  "code": "ENOTFOUND",
  "syscall": "getaddrinfo",
  "hostname": "db.quxevkqidkqpkydlssni.supabase.co"
}
[2025-09-02 07:44:47] [ERROR] Error fetching stats: {
  "errno": -3008,
  "code": "ENOTFOUND",
  "syscall": "getaddrinfo",
  "hostname": "db.quxevkqidkqpkydlssni.supabase.co"
}
[2025-09-02 07:44:56] [ERROR] Error fetching tokens: {
  "errno": -3008,
  "code": "ENOTFOUND",
  "syscall": "getaddrinfo",
  "hostname": "db.quxevkqidkqpkydlssni.supabase.co"
}
[2025-09-02 07:44:56] [ERROR] Error fetching stats: {
  "errno": -3008,
  "code": "ENOTFOUND",
  "syscall": "getaddrinfo",
  "hostname": "db.quxevkqidkqpkydlssni.supabase.co"
}
[2025-09-02 07:44:56] [ERROR] Error fetching tokens: {
  "errno": -3008,
  "code": "ENOTFOUND",
  "syscall": "getaddrinfo",
  "hostname": "db.quxevkqidkqpkydlssni.supabase.co"
}
[2025-09-02 07:44:56] [ERROR] Error fetching stats: {
  "errno": -3008,
  "code": "ENOTFOUND",
  "syscall": "getaddrinfo",
  "hostname": "db.quxevkqidkqpkydlssni.supabase.co"
}
[2025-09-02 07:44:56] [ERROR] Error fetching tokens: {
  "errno": -3008,
  "code": "ENOTFOUND",
  "syscall": "getaddrinfo",
  "hostname": "db.quxevkqidkqpkydlssni.supabase.co"
}
[2025-09-02 07:44:56] [ERROR] Error fetching stats: {
  "errno": -3008,
  "code": "ENOTFOUND",
  "syscall": "getaddrinfo",
  "hostname": "db.quxevkqidkqpkydlssni.supabase.co"
}
[2025-09-02 07:45:48] [ERROR] Error fetching stats: {
  "errno": -3008,
  "code": "ENOTFOUND",
  "syscall": "getaddrinfo",
  "hostname": "db.quxevkqidkqpkydlssni.supabase.co"
}
[2025-09-02 07:45:48] [ERROR] Error fetching tokens: {
  "errno": -3008,
  "code": "ENOTFOUND",
  "syscall": "getaddrinfo",
  "hostname": "db.quxevkqidkqpkydlssni.supabase.co"
}
[2025-09-02 07:45:56] [ERROR] Error fetching stats: {
  "errno": -3008,
  "code": "ENOTFOUND",
  "syscall": "getaddrinfo",
  "hostname": "db.quxevkqidkqpkydlssni.supabase.co"
}
[2025-09-02 07:45:56] [ERROR] Error fetching tokens: {
  "errno": -3008,
  "code": "ENOTFOUND",
  "syscall": "getaddrinfo",
  "hostname": "db.quxevkqidkqpkydlssni.supabase.co"
}
[2025-09-02 07:45:56] [ERROR] Error fetching tokens: {
  "errno": -3008,
  "code": "ENOTFOUND",
  "syscall": "getaddrinfo",
  "hostname": "db.quxevkqidkqpkydlssni.supabase.co"
}
[2025-09-02 07:45:56] [ERROR] Error fetching tokens: {
  "errno": -3008,
  "code": "ENOTFOUND",
  "syscall": "getaddrinfo",
  "hostname": "db.quxevkqidkqpkydlssni.supabase.co"
}
[2025-09-02 07:45:56] [ERROR] Error fetching stats: {
  "errno": -3008,
  "code": "ENOTFOUND",
  "syscall": "getaddrinfo",
  "hostname": "db.quxevkqidkqpkydlssni.supabase.co"
}
[2025-09-02 07:45:56] [ERROR] Error fetching stats: {
  "errno": -3008,
  "code": "ENOTFOUND",
  "syscall": "getaddrinfo",
  "hostname": "db.quxevkqidkqpkydlssni.supabase.co"
}
[2025-09-02 07:46:49] [ERROR] Error fetching stats: {
  "errno": -3008,
  "code": "ENOTFOUND",
  "syscall": "getaddrinfo",
  "hostname": "db.quxevkqidkqpkydlssni.supabase.co"
}
[2025-09-02 07:46:49] [ERROR] Error fetching tokens: {
  "errno": -3008,
  "code": "ENOTFOUND",
  "syscall": "getaddrinfo",
  "hostname": "db.quxevkqidkqpkydlssni.supabase.co"
}
[2025-09-02 07:46:56] [ERROR] Error fetching stats: {
  "errno": -3008,
  "code": "ENOTFOUND",
  "syscall": "getaddrinfo",
  "hostname": "db.quxevkqidkqpkydlssni.supabase.co"
}
[2025-09-02 07:46:56] [ERROR] Error fetching tokens: {
  "errno": -3008,
  "code": "ENOTFOUND",
  "syscall": "getaddrinfo",
  "hostname": "db.quxevkqidkqpkydlssni.supabase.co"
}
[2025-09-02 07:46:56] [ERROR] Error fetching tokens: {
  "errno": -3008,
  "code": "ENOTFOUND",
  "syscall": "getaddrinfo",
  "hostname": "db.quxevkqidkqpkydlssni.supabase.co"
}
[2025-09-02 07:46:56] [ERROR] Error fetching stats: {
  "errno": -3008,
  "code": "ENOTFOUND",
  "syscall": "getaddrinfo",
  "hostname": "db.quxevkqidkqpkydlssni.supabase.co"
}
[2025-09-02 07:46:56] [ERROR] Error fetching stats: {
  "errno": -3008,
  "code": "ENOTFOUND",
  "syscall": "getaddrinfo",
  "hostname": "db.quxevkqidkqpkydlssni.supabase.co"
}
[2025-09-02 07:46:56] [ERROR] Error fetching tokens: {
  "errno": -3008,
  "code": "ENOTFOUND",
  "syscall": "getaddrinfo",
  "hostname": "db.quxevkqidkqpkydlssni.supabase.co"
}
[2025-09-02 07:47:50] [ERROR] Error fetching stats: {
  "errno": -3008,
  "code": "ENOTFOUND",
  "syscall": "getaddrinfo",
  "hostname": "db.quxevkqidkqpkydlssni.supabase.co"
}
[2025-09-02 07:47:50] [ERROR] Error fetching tokens: {
  "errno": -3008,
  "code": "ENOTFOUND",
  "syscall": "getaddrinfo",
  "hostname": "db.quxevkqidkqpkydlssni.supabase.co"
}
[2025-09-02 07:47:56] [ERROR] Error fetching tokens: {
  "errno": -3008,
  "code": "ENOTFOUND",
  "syscall": "getaddrinfo",
  "hostname": "db.quxevkqidkqpkydlssni.supabase.co"
}
[2025-09-02 07:47:56] [ERROR] Error fetching stats: {
  "errno": -3008,
  "code": "ENOTFOUND",
  "syscall": "getaddrinfo",
  "hostname": "db.quxevkqidkqpkydlssni.supabase.co"
}
[2025-09-02 07:47:56] [ERROR] Error fetching tokens: {
  "errno": -3008,
  "code": "ENOTFOUND",
  "syscall": "getaddrinfo",
  "hostname": "db.quxevkqidkqpkydlssni.supabase.co"
}
[2025-09-02 07:47:56] [ERROR] Error fetching stats: {
  "errno": -3008,
  "code": "ENOTFOUND",
  "syscall": "getaddrinfo",
  "hostname": "db.quxevkqidkqpkydlssni.supabase.co"
}
[2025-09-02 07:47:56] [ERROR] Error fetching tokens: {
  "errno": -3008,
  "code": "ENOTFOUND",
  "syscall": "getaddrinfo",
  "hostname": "db.quxevkqidkqpkydlssni.supabase.co"
}
[2025-09-02 07:47:56] [ERROR] Error fetching stats: {
  "errno": -3008,
  "code": "ENOTFOUND",
  "syscall": "getaddrinfo",
  "hostname": "db.quxevkqidkqpkydlssni.supabase.co"
}
[2025-09-02 07:48:51] [ERROR] Error fetching stats: {
  "errno": -3008,
  "code": "ENOTFOUND",
  "syscall": "getaddrinfo",
  "hostname": "db.quxevkqidkqpkydlssni.supabase.co"
}
[2025-09-02 07:48:51] [ERROR] Error fetching tokens: {
  "errno": -3008,
  "code": "ENOTFOUND",
  "syscall": "getaddrinfo",
  "hostname": "db.quxevkqidkqpkydlssni.supabase.co"
}
[2025-09-02 07:48:56] [ERROR] Error fetching tokens: {
  "errno": -3008,
  "code": "ENOTFOUND",
  "syscall": "getaddrinfo",
  "hostname": "db.quxevkqidkqpkydlssni.supabase.co"
}
[2025-09-02 07:48:56] [ERROR] Error fetching stats: {
  "errno": -3008,
  "code": "ENOTFOUND",
  "syscall": "getaddrinfo",
  "hostname": "db.quxevkqidkqpkydlssni.supabase.co"
}
[2025-09-02 07:48:56] [ERROR] Error fetching stats: {
  "errno": -3008,
  "code": "ENOTFOUND",
  "syscall": "getaddrinfo",
  "hostname": "db.quxevkqidkqpkydlssni.supabase.co"
}
[2025-09-02 07:48:56] [ERROR] Error fetching tokens: {
  "errno": -3008,
  "code": "ENOTFOUND",
  "syscall": "getaddrinfo",
  "hostname": "db.quxevkqidkqpkydlssni.supabase.co"
}
[2025-09-02 07:48:56] [ERROR] Error fetching tokens: {
  "errno": -3008,
  "code": "ENOTFOUND",
  "syscall": "getaddrinfo",
  "hostname": "db.quxevkqidkqpkydlssni.supabase.co"
}
[2025-09-02 07:48:56] [ERROR] Error fetching stats: {
  "errno": -3008,
  "code": "ENOTFOUND",
  "syscall": "getaddrinfo",
  "hostname": "db.quxevkqidkqpkydlssni.supabase.co"
}
[2025-09-02 07:49:52] [ERROR] Error fetching stats: {
  "errno": -3008,
  "code": "ENOTFOUND",
  "syscall": "getaddrinfo",
  "hostname": "db.quxevkqidkqpkydlssni.supabase.co"
}
[2025-09-02 07:49:52] [ERROR] Error fetching tokens: {
  "errno": -3008,
  "code": "ENOTFOUND",
  "syscall": "getaddrinfo",
  "hostname": "db.quxevkqidkqpkydlssni.supabase.co"
}
[2025-09-02 07:49:56] [ERROR] Error fetching stats: {
  "errno": -3008,
  "code": "ENOTFOUND",
  "syscall": "getaddrinfo",
  "hostname": "db.quxevkqidkqpkydlssni.supabase.co"
}
[2025-09-02 07:49:56] [ERROR] Error fetching stats: {
  "errno": -3008,
  "code": "ENOTFOUND",
  "syscall": "getaddrinfo",
  "hostname": "db.quxevkqidkqpkydlssni.supabase.co"
}
[2025-09-02 07:49:56] [ERROR] Error fetching tokens: {
  "errno": -3008,
  "code": "ENOTFOUND",
  "syscall": "getaddrinfo",
  "hostname": "db.quxevkqidkqpkydlssni.supabase.co"
}
[2025-09-02 07:49:56] [ERROR] Error fetching tokens: {
  "errno": -3008,
  "code": "ENOTFOUND",
  "syscall": "getaddrinfo",
  "hostname": "db.quxevkqidkqpkydlssni.supabase.co"
}
[2025-09-02 07:49:56] [ERROR] Error fetching stats: {
  "errno": -3008,
  "code": "ENOTFOUND",
  "syscall": "getaddrinfo",
  "hostname": "db.quxevkqidkqpkydlssni.supabase.co"
}
[2025-09-02 07:49:56] [ERROR] Error fetching tokens: {
  "errno": -3008,
  "code": "ENOTFOUND",
  "syscall": "getaddrinfo",
  "hostname": "db.quxevkqidkqpkydlssni.supabase.co"
}
[2025-09-02 07:50:53] [ERROR] Error fetching stats: {
  "errno": -3008,
  "code": "ENOTFOUND",
  "syscall": "getaddrinfo",
  "hostname": "db.quxevkqidkqpkydlssni.supabase.co"
}
[2025-09-02 07:50:53] [ERROR] Error fetching tokens: {
  "errno": -3008,
  "code": "ENOTFOUND",
  "syscall": "getaddrinfo",
  "hostname": "db.quxevkqidkqpkydlssni.supabase.co"
}
[2025-09-02 07:50:56] [ERROR] Error fetching stats: {
  "errno": -3008,
  "code": "ENOTFOUND",
  "syscall": "getaddrinfo",
  "hostname": "db.quxevkqidkqpkydlssni.supabase.co"
}
[2025-09-02 07:50:56] [ERROR] Error fetching tokens: {
  "errno": -3008,
  "code": "ENOTFOUND",
  "syscall": "getaddrinfo",
  "hostname": "db.quxevkqidkqpkydlssni.supabase.co"
}
[2025-09-02 07:50:56] [ERROR] Error fetching stats: {
  "errno": -3008,
  "code": "ENOTFOUND",
  "syscall": "getaddrinfo",
  "hostname": "db.quxevkqidkqpkydlssni.supabase.co"
}
[2025-09-02 07:50:56] [ERROR] Error fetching tokens: {
  "errno": -3008,
  "code": "ENOTFOUND",
  "syscall": "getaddrinfo",
  "hostname": "db.quxevkqidkqpkydlssni.supabase.co"
}
[2025-09-02 07:50:56] [ERROR] Error fetching tokens: {
  "errno": -3008,
  "code": "ENOTFOUND",
  "syscall": "getaddrinfo",
  "hostname": "db.quxevkqidkqpkydlssni.supabase.co"
}
[2025-09-02 07:50:56] [ERROR] Error fetching stats: {
  "errno": -3008,
  "code": "ENOTFOUND",
  "syscall": "getaddrinfo",
  "hostname": "db.quxevkqidkqpkydlssni.supabase.co"
}
[2025-09-02 07:51:54] [ERROR] Error fetching stats: {
  "errno": -3008,
  "code": "ENOTFOUND",
  "syscall": "getaddrinfo",
  "hostname": "db.quxevkqidkqpkydlssni.supabase.co"
}
[2025-09-02 07:51:54] [ERROR] Error fetching tokens: {
  "errno": -3008,
  "code": "ENOTFOUND",
  "syscall": "getaddrinfo",
  "hostname": "db.quxevkqidkqpkydlssni.supabase.co"
}
[2025-09-02 07:51:56] [ERROR] Error fetching stats: {
  "errno": -3008,
  "code": "ENOTFOUND",
  "syscall": "getaddrinfo",
  "hostname": "db.quxevkqidkqpkydlssni.supabase.co"
}
[2025-09-02 07:51:56] [ERROR] Error fetching tokens: {
  "errno": -3008,
  "code": "ENOTFOUND",
  "syscall": "getaddrinfo",
  "hostname": "db.quxevkqidkqpkydlssni.supabase.co"
}
[2025-09-02 07:51:56] [ERROR] Error fetching tokens: {
  "errno": -3008,
  "code": "ENOTFOUND",
  "syscall": "getaddrinfo",
  "hostname": "db.quxevkqidkqpkydlssni.supabase.co"
}
[2025-09-02 07:51:56] [ERROR] Error fetching tokens: {
  "errno": -3008,
  "code": "ENOTFOUND",
  "syscall": "getaddrinfo",
  "hostname": "db.quxevkqidkqpkydlssni.supabase.co"
}
[2025-09-02 07:51:56] [ERROR] Error fetching stats: {
  "errno": -3008,
  "code": "ENOTFOUND",
  "syscall": "getaddrinfo",
  "hostname": "db.quxevkqidkqpkydlssni.supabase.co"
}
[2025-09-02 07:51:56] [ERROR] Error fetching stats: {
  "errno": -3008,
  "code": "ENOTFOUND",
  "syscall": "getaddrinfo",
  "hostname": "db.quxevkqidkqpkydlssni.supabase.co"
}
[2025-09-02 07:52:55] [ERROR] Error fetching tokens: {
  "errno": -3008,
  "code": "ENOTFOUND",
  "syscall": "getaddrinfo",
  "hostname": "db.quxevkqidkqpkydlssni.supabase.co"
}
[2025-09-02 07:52:55] [ERROR] Error fetching stats: {
  "errno": -3008,
  "code": "ENOTFOUND",
  "syscall": "getaddrinfo",
  "hostname": "db.quxevkqidkqpkydlssni.supabase.co"
}
[2025-09-02 07:52:56] [ERROR] Error fetching stats: {
  "errno": -3008,
  "code": "ENOTFOUND",
  "syscall": "getaddrinfo",
  "hostname": "db.quxevkqidkqpkydlssni.supabase.co"
}
[2025-09-02 07:52:56] [ERROR] Error fetching tokens: {
  "errno": -3008,
  "code": "ENOTFOUND",
  "syscall": "getaddrinfo",
  "hostname": "db.quxevkqidkqpkydlssni.supabase.co"
}
[2025-09-02 07:52:56] [ERROR] Error fetching tokens: {
  "errno": -3008,
  "code": "ENOTFOUND",
  "syscall": "getaddrinfo",
  "hostname": "db.quxevkqidkqpkydlssni.supabase.co"
}
[2025-09-02 07:52:56] [ERROR] Error fetching tokens: {
  "errno": -3008,
  "code": "ENOTFOUND",
  "syscall": "getaddrinfo",
  "hostname": "db.quxevkqidkqpkydlssni.supabase.co"
}
[2025-09-02 07:52:56] [ERROR] Error fetching stats: {
  "errno": -3008,
  "code": "ENOTFOUND",
  "syscall": "getaddrinfo",
  "hostname": "db.quxevkqidkqpkydlssni.supabase.co"
}
[2025-09-02 07:52:56] [ERROR] Error fetching stats: {
  "errno": -3008,
  "code": "ENOTFOUND",
  "syscall": "getaddrinfo",
  "hostname": "db.quxevkqidkqpkydlssni.supabase.co"
}
[2025-09-02 07:53:58] [ERROR] Error fetching tokens: {
  "length": 114,
  "name": "error",
  "severity": "ERROR",
  "code": "42703",
  "position": "107",
  "file": "parse_relation.c",
  "line": "3716",
  "routine": "errorMissingColumn"
}
[2025-09-02 07:53:58] [ERROR] Error fetching tokens: {
  "length": 114,
  "name": "error",
  "severity": "ERROR",
  "code": "42703",
  "position": "107",
  "file": "parse_relation.c",
  "line": "3716",
  "routine": "errorMissingColumn"
}
[2025-09-02 07:53:58] [ERROR] Error fetching tokens: {
  "length": 114,
  "name": "error",
  "severity": "ERROR",
  "code": "42703",
  "position": "128",
  "file": "parse_relation.c",
  "line": "3716",
  "routine": "errorMissingColumn"
}
[2025-09-02 07:53:58] [ERROR] Error fetching tokens: {
  "length": 114,
  "name": "error",
  "severity": "ERROR",
  "code": "42703",
  "position": "107",
  "file": "parse_relation.c",
  "line": "3716",
  "routine": "errorMissingColumn"
}
[2025-09-02 07:54:59] [ERROR] Error fetching tokens: {
  "length": 114,
  "name": "error",
  "severity": "ERROR",
  "code": "42703",
  "position": "107",
  "file": "parse_relation.c",
  "line": "3716",
  "routine": "errorMissingColumn"
}
[2025-09-02 07:54:59] [ERROR] Error fetching tokens: {
  "length": 114,
  "name": "error",
  "severity": "ERROR",
  "code": "42703",
  "position": "107",
  "file": "parse_relation.c",
  "line": "3716",
  "routine": "errorMissingColumn"
}
[2025-09-02 07:54:59] [ERROR] Error fetching tokens: {
  "length": 114,
  "name": "error",
  "severity": "ERROR",
  "code": "42703",
  "position": "107",
  "file": "parse_relation.c",
  "line": "3716",
  "routine": "errorMissingColumn"
}
[2025-09-02 07:54:59] [ERROR] Error fetching tokens: {
  "length": 114,
  "name": "error",
  "severity": "ERROR",
  "code": "42703",
  "position": "128",
  "file": "parse_relation.c",
  "line": "3716",
  "routine": "errorMissingColumn"
}
[2025-09-02 07:55:58] [ERROR] Error fetching tokens: {
  "length": 114,
  "name": "error",
  "severity": "ERROR",
  "code": "42703",
  "position": "107",
  "file": "parse_relation.c",
  "line": "3716",
  "routine": "errorMissingColumn"
}
[2025-09-02 07:55:58] [ERROR] Error fetching tokens: {
  "length": 114,
  "name": "error",
  "severity": "ERROR",
  "code": "42703",
  "position": "128",
  "file": "parse_relation.c",
  "line": "3716",
  "routine": "errorMissingColumn"
}
[2025-09-02 07:55:58] [ERROR] Error fetching tokens: {
  "length": 114,
  "name": "error",
  "severity": "ERROR",
  "code": "42703",
  "position": "107",
  "file": "parse_relation.c",
  "line": "3716",
  "routine": "errorMissingColumn"
}
[2025-09-02 07:55:58] [ERROR] Error fetching tokens: {
  "length": 114,
  "name": "error",
  "severity": "ERROR",
  "code": "42703",
  "position": "107",
  "file": "parse_relation.c",
  "line": "3716",
  "routine": "errorMissingColumn"
}
[2025-09-02 07:56:59] [ERROR] Error fetching tokens: {
  "length": 114,
  "name": "error",
  "severity": "ERROR",
  "code": "42703",
  "position": "128",
  "file": "parse_relation.c",
  "line": "3716",
  "routine": "errorMissingColumn"
}
[2025-09-02 07:56:59] [ERROR] Error fetching tokens: {
  "length": 114,
  "name": "error",
  "severity": "ERROR",
  "code": "42703",
  "position": "107",
  "file": "parse_relation.c",
  "line": "3716",
  "routine": "errorMissingColumn"
}
[2025-09-02 07:56:59] [ERROR] Error fetching tokens: {
  "length": 114,
  "name": "error",
  "severity": "ERROR",
  "code": "42703",
  "position": "107",
  "file": "parse_relation.c",
  "line": "3716",
  "routine": "errorMissingColumn"
}
[2025-09-02 07:56:59] [ERROR] Error fetching tokens: {
  "length": 114,
  "name": "error",
  "severity": "ERROR",
  "code": "42703",
  "position": "107",
  "file": "parse_relation.c",
  "line": "3716",
  "routine": "errorMissingColumn"
}
[2025-09-02 07:57:58] [ERROR] Error fetching tokens: {
  "length": 114,
  "name": "error",
  "severity": "ERROR",
  "code": "42703",
  "position": "128",
  "file": "parse_relation.c",
  "line": "3716",
  "routine": "errorMissingColumn"
}
[2025-09-02 07:57:58] [ERROR] Error fetching tokens: {
  "length": 114,
  "name": "error",
  "severity": "ERROR",
  "code": "42703",
  "position": "107",
  "file": "parse_relation.c",
  "line": "3716",
  "routine": "errorMissingColumn"
}
[2025-09-02 07:57:58] [ERROR] Error fetching tokens: {
  "length": 114,
  "name": "error",
  "severity": "ERROR",
  "code": "42703",
  "position": "107",
  "file": "parse_relation.c",
  "line": "3716",
  "routine": "errorMissingColumn"
}
[2025-09-02 07:57:58] [ERROR] Error fetching tokens: {
  "length": 114,
  "name": "error",
  "severity": "ERROR",
  "code": "42703",
  "position": "107",
  "file": "parse_relation.c",
  "line": "3716",
  "routine": "errorMissingColumn"
}
[2025-09-02 07:58:58] [ERROR] Error fetching tokens: {
  "length": 114,
  "name": "error",
  "severity": "ERROR",
  "code": "42703",
  "position": "107",
  "file": "parse_relation.c",
  "line": "3716",
  "routine": "errorMissingColumn"
}
[2025-09-02 07:58:58] [ERROR] Error fetching tokens: {
  "length": 114,
  "name": "error",
  "severity": "ERROR",
  "code": "42703",
  "position": "107",
  "file": "parse_relation.c",
  "line": "3716",
  "routine": "errorMissingColumn"
}
[2025-09-02 07:58:58] [ERROR] Error fetching tokens: {
  "length": 114,
  "name": "error",
  "severity": "ERROR",
  "code": "42703",
  "position": "107",
  "file": "parse_relation.c",
  "line": "3716",
  "routine": "errorMissingColumn"
}
[2025-09-02 07:58:58] [ERROR] Error fetching tokens: {
  "length": 114,
  "name": "error",
  "severity": "ERROR",
  "code": "42703",
  "position": "128",
  "file": "parse_relation.c",
  "line": "3716",
  "routine": "errorMissingColumn"
}
[2025-09-02 07:59:58] [ERROR] Error fetching tokens: {
  "length": 114,
  "name": "error",
  "severity": "ERROR",
  "code": "42703",
  "position": "107",
  "file": "parse_relation.c",
  "line": "3716",
  "routine": "errorMissingColumn"
}
[2025-09-02 07:59:58] [ERROR] Error fetching tokens: {
  "length": 114,
  "name": "error",
  "severity": "ERROR",
  "code": "42703",
  "position": "107",
  "file": "parse_relation.c",
  "line": "3716",
  "routine": "errorMissingColumn"
}
[2025-09-02 07:59:58] [ERROR] Error fetching tokens: {
  "length": 114,
  "name": "error",
  "severity": "ERROR",
  "code": "42703",
  "position": "107",
  "file": "parse_relation.c",
  "line": "3716",
  "routine": "errorMissingColumn"
}
[2025-09-02 07:59:58] [ERROR] Error fetching tokens: {
  "length": 114,
  "name": "error",
  "severity": "ERROR",
  "code": "42703",
  "position": "128",
  "file": "parse_relation.c",
  "line": "3716",
  "routine": "errorMissingColumn"
}
[2025-09-02 08:00:58] [ERROR] Error fetching tokens: {
  "length": 114,
  "name": "error",
  "severity": "ERROR",
  "code": "42703",
  "position": "128",
  "file": "parse_relation.c",
  "line": "3716",
  "routine": "errorMissingColumn"
}
[2025-09-02 08:00:58] [ERROR] Error fetching tokens: {
  "length": 114,
  "name": "error",
  "severity": "ERROR",
  "code": "42703",
  "position": "107",
  "file": "parse_relation.c",
  "line": "3716",
  "routine": "errorMissingColumn"
}
[2025-09-02 08:00:58] [ERROR] Error fetching tokens: {
  "length": 114,
  "name": "error",
  "severity": "ERROR",
  "code": "42703",
  "position": "107",
  "file": "parse_relation.c",
  "line": "3716",
  "routine": "errorMissingColumn"
}
[2025-09-02 08:00:58] [ERROR] Error fetching tokens: {
  "length": 114,
  "name": "error",
  "severity": "ERROR",
  "code": "42703",
  "position": "107",
  "file": "parse_relation.c",
  "line": "3716",
  "routine": "errorMissingColumn"
}
[2025-09-02 08:01:58] [ERROR] Error fetching tokens: {
  "length": 114,
  "name": "error",
  "severity": "ERROR",
  "code": "42703",
  "position": "128",
  "file": "parse_relation.c",
  "line": "3716",
  "routine": "errorMissingColumn"
}
[2025-09-02 08:01:58] [ERROR] Error fetching tokens: {
  "length": 114,
  "name": "error",
  "severity": "ERROR",
  "code": "42703",
  "position": "107",
  "file": "parse_relation.c",
  "line": "3716",
  "routine": "errorMissingColumn"
}
[2025-09-02 08:01:58] [ERROR] Error fetching tokens: {
  "length": 114,
  "name": "error",
  "severity": "ERROR",
  "code": "42703",
  "position": "107",
  "file": "parse_relation.c",
  "line": "3716",
  "routine": "errorMissingColumn"
}
[2025-09-02 08:01:58] [ERROR] Error fetching tokens: {
  "length": 114,
  "name": "error",
  "severity": "ERROR",
  "code": "42703",
  "position": "107",
  "file": "parse_relation.c",
  "line": "3716",
  "routine": "errorMissingColumn"
}
[2025-09-02 08:03:07] [ERROR] Error fetching tokens: {
  "length": 114,
  "name": "error",
  "severity": "ERROR",
  "code": "42703",
  "position": "107",
  "file": "parse_relation.c",
  "line": "3716",
  "routine": "errorMissingColumn"
}
[2025-09-02 08:03:07] [ERROR] Error fetching tokens: {
  "length": 114,
  "name": "error",
  "severity": "ERROR",
  "code": "42703",
  "position": "107",
  "file": "parse_relation.c",
  "line": "3716",
  "routine": "errorMissingColumn"
}
[2025-09-02 08:03:07] [ERROR] Error fetching tokens: {
  "length": 114,
  "name": "error",
  "severity": "ERROR",
  "code": "42703",
  "position": "128",
  "file": "parse_relation.c",
  "line": "3716",
  "routine": "errorMissingColumn"
}
[2025-09-02 08:03:07] [ERROR] Error fetching tokens: {
  "length": 114,
  "name": "error",
  "severity": "ERROR",
  "code": "42703",
  "position": "107",
  "file": "parse_relation.c",
  "line": "3716",
  "routine": "errorMissingColumn"
}
[2025-09-02 08:04:07] [ERROR] Error fetching tokens: {
  "length": 114,
  "name": "error",
  "severity": "ERROR",
  "code": "42703",
  "position": "107",
  "file": "parse_relation.c",
  "line": "3716",
  "routine": "errorMissingColumn"
}
[2025-09-02 08:04:07] [ERROR] Error fetching tokens: {
  "length": 114,
  "name": "error",
  "severity": "ERROR",
  "code": "42703",
  "position": "128",
  "file": "parse_relation.c",
  "line": "3716",
  "routine": "errorMissingColumn"
}
[2025-09-02 08:04:08] [ERROR] Error fetching tokens: {
  "length": 114,
  "name": "error",
  "severity": "ERROR",
  "code": "42703",
  "position": "107",
  "file": "parse_relation.c",
  "line": "3716",
  "routine": "errorMissingColumn"
}
[2025-09-02 08:04:08] [ERROR] Error fetching tokens: {
  "length": 114,
  "name": "error",
  "severity": "ERROR",
  "code": "42703",
  "position": "107",
  "file": "parse_relation.c",
  "line": "3716",
  "routine": "errorMissingColumn"
}
[2025-09-02 08:04:08] [ERROR] Error fetching tokens: {
  "length": 114,
  "name": "error",
  "severity": "ERROR",
  "code": "42703",
  "position": "107",
  "file": "parse_relation.c",
  "line": "3716",
  "routine": "errorMissingColumn"
}
[2025-09-02 08:04:11] [ERROR] Error fetching tokens: {
  "length": 114,
  "name": "error",
  "severity": "ERROR",
  "code": "42703",
  "position": "107",
  "file": "parse_relation.c",
  "line": "3716",
  "routine": "errorMissingColumn"
}
[2025-09-02 08:04:20] [INFO] 🔄 Shutting down server...
[2025-09-02 08:12:21] [INFO] 🟣 Initializing Solana token monitoring system...
[2025-09-02 08:12:21] [INFO] 🔄 Testing database connection...
[2025-09-02 08:12:25] [INFO] ✅ Solana monitoring system initialized
[2025-09-02 08:12:25] [INFO] 🟣 Solana Configuration Summary: {
  "nodeEnv": "development",
  "port": 3000,
  "blockchain": "Solana",
  "cluster": "mainnet-beta",
  "rpcUrl": "https://api.mainnet-beta.solana.com",
  "supportedDEXs": [
    "raydium",
    "orca",
    "jupiter",
    "serum"
  ],
  "priorityDEXs": [
    "raydium",
    "orca",
    "jupiter"
  ],
  "scanInterval": "3 minutes",
  "maxTokensPerScan": 150,
  "logLevel": "info",
  "dbHost": "db.quxevkqidkqpkydlssni.supabase.co",
  "dbName": "postgres",
  "filterSummary": {
    "minHolders": 30,
    "minVolume": "$500",
    "minLiquidity": "$2000",
    "maxTokenAge": "24h",
    "maxRugScore": 6
  }
}
[2025-09-02 08:12:25] [INFO] 🟣 Solana Token Monitor API running on http://localhost:3000
[2025-09-02 08:12:25] [INFO] 🎯 Monitoring DEXs: raydium, orca, jupiter, serum
[2025-09-02 08:13:08] [INFO] Fetched 0 Solana tokens {
  "total": 0,
  "limit": "20",
  "offset": "0",
  "filters": {
    "minVolume": "1",
    "minLiquidity": "10",
    "minHolders": "1"
  }
}
[2025-09-02 08:13:08] [INFO] Fetched 0 Solana tokens {
  "total": 0,
  "limit": "20",
  "offset": "0",
  "filters": {
    "minVolume": 500,
    "minLiquidity": 2000,
    "minHolders": 30
  }
}
[2025-09-02 08:13:08] [INFO] Fetched 0 Solana tokens {
  "total": 0,
  "limit": "20",
  "offset": "0",
  "filters": {
    "minVolume": 500,
    "minLiquidity": 2000,
    "minHolders": 30
  }
}
[2025-09-02 08:13:08] [INFO] Fetched 0 Solana tokens {
  "total": 0,
  "limit": "20",
  "offset": "0",
  "filters": {
    "minVolume": 500,
    "minLiquidity": 2000,
    "minHolders": 30
  }
}
[2025-09-02 08:13:15] [INFO] Fetched 0 Solana tokens {
  "total": 0,
  "limit": "20",
  "offset": "0",
  "filters": {
    "minVolume": 500,
    "minLiquidity": 2000,
    "minHolders": 30
  }
}
[2025-09-02 08:13:19] [INFO] Fetched 0 Solana tokens {
  "total": 0,
  "limit": "20",
  "offset": "0",
  "filters": {
    "minVolume": 500,
    "minLiquidity": 2000,
    "minHolders": 30
  }
}
[2025-09-02 08:13:24] [INFO] Fetched 0 Solana tokens {
  "total": 0,
  "limit": "20",
  "offset": "0",
  "filters": {
    "minVolume": 500,
    "minLiquidity": 2000,
    "minHolders": 30
  }
}
[2025-09-02 08:13:32] [INFO] Fetched 0 Solana tokens {
  "total": 0,
  "limit": "20",
  "offset": "0",
  "filters": {
    "minVolume": 500,
    "minLiquidity": 2000,
    "minHolders": 30
  }
}
[2025-09-02 08:13:35] [INFO] Fetched 0 Solana tokens {
  "total": 0,
  "limit": "20",
  "offset": "0",
  "filters": {
    "minVolume": 500,
    "minLiquidity": 2000,
    "minHolders": "10"
  }
}
[2025-09-02 08:13:37] [INFO] Fetched 0 Solana tokens {
  "total": 0,
  "limit": "20",
  "offset": "0",
  "filters": {
    "minVolume": 500,
    "minLiquidity": "10",
    "minHolders": "10"
  }
}
[2025-09-02 08:13:42] [INFO] Fetched 0 Solana tokens {
  "total": 0,
  "limit": "20",
  "offset": "0",
  "filters": {
    "minVolume": 500,
    "minLiquidity": "10",
    "minHolders": "10"
  }
}
[2025-09-02 08:13:44] [INFO] Fetched 0 Solana tokens {
  "total": 0,
  "limit": "20",
  "offset": "0",
  "filters": {
    "minVolume": "10",
    "minLiquidity": "10",
    "minHolders": "10"
  }
}
[2025-09-02 08:13:54] [INFO] Fetched 0 Solana tokens {
  "total": 0,
  "limit": "20",
  "offset": "0",
  "filters": {
    "minVolume": "10",
    "minLiquidity": "10",
    "minHolders": "10"
  }
}
[2025-09-02 08:14:05] [INFO] Fetched 0 Solana tokens {
  "total": 0,
  "limit": "20",
  "offset": "0",
  "filters": {
    "minVolume": "1",
    "minLiquidity": "10",
    "minHolders": "1"
  }
}
[2025-09-02 08:14:08] [INFO] Fetched 0 Solana tokens {
  "total": 0,
  "limit": "20",
  "offset": "0",
  "filters": {
    "minVolume": 500,
    "minLiquidity": 2000,
    "minHolders": 30
  }
}
[2025-09-02 08:14:08] [INFO] Fetched 0 Solana tokens {
  "total": 0,
  "limit": "20",
  "offset": "0",
  "filters": {
    "minVolume": 500,
    "minLiquidity": 2000,
    "minHolders": 30
  }
}
[2025-09-02 08:14:13] [INFO] Fetched 0 Solana tokens {
  "total": 0,
  "limit": "20",
  "offset": "0",
  "filters": {
    "minVolume": "10",
    "minLiquidity": "10",
    "minHolders": "10"
  }
}
[2025-09-02 08:14:14] [INFO] Fetched 0 Solana tokens {
  "total": 0,
  "limit": "20",
  "offset": "0",
  "filters": {
    "minVolume": 500,
    "minLiquidity": 2000,
    "minHolders": 30
  }
}
[2025-09-02 08:14:44] [INFO] Fetched 0 Solana tokens {
  "total": 0,
  "limit": "20",
  "offset": "0",
  "filters": {
    "minVolume": 500,
    "minLiquidity": 2000,
    "minHolders": 30
  }
}
[2025-09-02 08:15:05] [INFO] Fetched 0 Solana tokens {
  "total": 0,
  "limit": "20",
  "offset": "0",
  "filters": {
    "minVolume": 500,
    "minLiquidity": 2000,
    "minHolders": 30
  }
}
[2025-09-02 08:15:07] [INFO] Fetched 0 Solana tokens {
  "total": 0,
  "limit": "20",
  "offset": "0",
  "filters": {
    "minVolume": 500,
    "minLiquidity": 2000,
    "minHolders": 30
  }
}
[2025-09-02 08:15:07] [INFO] Fetched 0 Solana tokens {
  "total": 0,
  "limit": "20",
  "offset": "0",
  "filters": {
    "minVolume": "1",
    "minLiquidity": "10",
    "minHolders": "1"
  }
}
[2025-09-02 08:15:13] [INFO] Fetched 0 Solana tokens {
  "total": 0,
  "limit": "20",
  "offset": "0",
  "filters": {
    "minVolume": 500,
    "minLiquidity": 2000,
    "minHolders": 30
  }
}
[2025-09-02 08:15:44] [INFO] Fetched 0 Solana tokens {
  "total": 0,
  "limit": "20",
  "offset": "0",
  "filters": {
    "minVolume": 500,
    "minLiquidity": 2000,
    "minHolders": 30
  }
}
[2025-09-02 08:16:05] [INFO] Fetched 0 Solana tokens {
  "total": 0,
  "limit": "20",
  "offset": "0",
  "filters": {
    "minVolume": 500,
    "minLiquidity": 2000,
    "minHolders": 30
  }
}
[2025-09-02 08:16:08] [INFO] Fetched 0 Solana tokens {
  "total": 0,
  "limit": "20",
  "offset": "0",
  "filters": {
    "minVolume": 500,
    "minLiquidity": 2000,
    "minHolders": 30
  }
}
[2025-09-02 08:16:08] [INFO] Fetched 0 Solana tokens {
  "total": 0,
  "limit": "20",
  "offset": "0",
  "filters": {
    "minVolume": "1",
    "minLiquidity": "10",
    "minHolders": "1"
  }
}
[2025-09-02 08:16:14] [INFO] Fetched 0 Solana tokens {
  "total": 0,
  "limit": "20",
  "offset": "0",
  "filters": {
    "minVolume": 500,
    "minLiquidity": 2000,
    "minHolders": 30
  }
}
[2025-09-02 08:16:44] [INFO] Fetched 0 Solana tokens {
  "total": 0,
  "limit": "20",
  "offset": "0",
  "filters": {
    "minVolume": 500,
    "minLiquidity": 2000,
    "minHolders": 30
  }
}
[2025-09-02 08:17:07] [INFO] Fetched 0 Solana tokens {
  "total": 0,
  "limit": "20",
  "offset": "0",
  "filters": {
    "minVolume": 500,
    "minLiquidity": 2000,
    "minHolders": 30
  }
}
[2025-09-02 08:17:07] [INFO] Fetched 0 Solana tokens {
  "total": 0,
  "limit": "20",
  "offset": "0",
  "filters": {
    "minVolume": "1",
    "minLiquidity": "10",
    "minHolders": "1"
  }
}
[2025-09-02 08:17:07] [INFO] Fetched 0 Solana tokens {
  "total": 0,
  "limit": "20",
  "offset": "0",
  "filters": {
    "minVolume": 500,
    "minLiquidity": 2000,
    "minHolders": 30
  }
}
[2025-09-02 08:17:14] [INFO] Fetched 0 Solana tokens {
  "total": 0,
  "limit": "20",
  "offset": "0",
  "filters": {
    "minVolume": 500,
    "minLiquidity": 2000,
    "minHolders": 30
  }
}
[2025-09-02 08:17:44] [INFO] Fetched 0 Solana tokens {
  "total": 0,
  "limit": "20",
  "offset": "0",
  "filters": {
    "minVolume": 500,
    "minLiquidity": 2000,
    "minHolders": 30
  }
}
[2025-09-02 08:18:05] [INFO] Fetched 0 Solana tokens {
  "total": 0,
  "limit": "20",
  "offset": "0",
  "filters": {
    "minVolume": "1",
    "minLiquidity": "10",
    "minHolders": "1"
  }
}
[2025-09-02 08:18:08] [INFO] Fetched 0 Solana tokens {
  "total": 0,
  "limit": "20",
  "offset": "0",
  "filters": {
    "minVolume": 500,
    "minLiquidity": 2000,
    "minHolders": 30
  }
}
[2025-09-02 08:18:08] [INFO] Fetched 0 Solana tokens {
  "total": 0,
  "limit": "20",
  "offset": "0",
  "filters": {
    "minVolume": 500,
    "minLiquidity": 2000,
    "minHolders": 30
  }
}
[2025-09-02 08:18:15] [INFO] Fetched 0 Solana tokens {
  "total": 0,
  "limit": "20",
  "offset": "0",
  "filters": {
    "minVolume": 500,
    "minLiquidity": 2000,
    "minHolders": 30
  }
}
[2025-09-02 08:18:44] [INFO] Fetched 0 Solana tokens {
  "total": 0,
  "limit": "20",
  "offset": "0",
  "filters": {
    "minVolume": 500,
    "minLiquidity": 2000,
    "minHolders": 30
  }
}
[2025-09-02 08:19:05] [INFO] Fetched 0 Solana tokens {
  "total": 0,
  "limit": "20",
  "offset": "0",
  "filters": {
    "minVolume": 500,
    "minLiquidity": 2000,
    "minHolders": 30
  }
}
[2025-09-02 08:19:07] [INFO] Fetched 0 Solana tokens {
  "total": 0,
  "limit": "20",
  "offset": "0",
  "filters": {
    "minVolume": 500,
    "minLiquidity": 2000,
    "minHolders": 30
  }
}
[2025-09-02 08:19:07] [INFO] Fetched 0 Solana tokens {
  "total": 0,
  "limit": "20",
  "offset": "0",
  "filters": {
    "minVolume": "1",
    "minLiquidity": "10",
    "minHolders": "1"
  }
}
[2025-09-02 08:19:14] [INFO] Fetched 0 Solana tokens {
  "total": 0,
  "limit": "20",
  "offset": "0",
  "filters": {
    "minVolume": 500,
    "minLiquidity": 2000,
    "minHolders": 30
  }
}
[2025-09-02 08:19:45] [INFO] Fetched 0 Solana tokens {
  "total": 0,
  "limit": "20",
  "offset": "0",
  "filters": {
    "minVolume": 500,
    "minLiquidity": 2000,
    "minHolders": 30
  }
}
[2025-09-02 08:20:08] [INFO] Fetched 0 Solana tokens {
  "total": 0,
  "limit": "20",
  "offset": "0",
  "filters": {
    "minVolume": "1",
    "minLiquidity": "10",
    "minHolders": "1"
  }
}
[2025-09-02 08:20:11] [INFO] Fetched 0 Solana tokens {
  "total": 0,
  "limit": "20",
  "offset": "0",
  "filters": {
    "minVolume": 500,
    "minLiquidity": 2000,
    "minHolders": 30
  }
}
[2025-09-02 08:20:14] [INFO] Fetched 0 Solana tokens {
  "total": 0,
  "limit": "20",
  "offset": "0",
  "filters": {
    "minVolume": 500,
    "minLiquidity": 2000,
    "minHolders": 30
  }
}
[2025-09-02 08:20:14] [ERROR] Error fetching tokens: {}
[2025-09-02 08:20:16] [ERROR] Error fetching stats: {}
[2025-09-02 08:20:18] [INFO] Fetched 0 Solana tokens {
  "total": 0,
  "limit": "20",
  "offset": "0",
  "filters": {
    "minVolume": 500,
    "minLiquidity": 2000,
    "minHolders": 30
  }
}
[2025-09-02 08:20:44] [INFO] Fetched 0 Solana tokens {
  "total": 0,
  "limit": "20",
  "offset": "0",
  "filters": {
    "minVolume": 500,
    "minLiquidity": 2000,
    "minHolders": 30
  }
}
[2025-09-02 08:21:05] [INFO] Fetched 0 Solana tokens {
  "total": 0,
  "limit": "20",
  "offset": "0",
  "filters": {
    "minVolume": "1",
    "minLiquidity": "10",
    "minHolders": "1"
  }
}
[2025-09-02 08:21:07] [INFO] Fetched 0 Solana tokens {
  "total": 0,
  "limit": "20",
  "offset": "0",
  "filters": {
    "minVolume": 500,
    "minLiquidity": 2000,
    "minHolders": 30
  }
}
[2025-09-02 08:21:07] [INFO] Fetched 0 Solana tokens {
  "total": 0,
  "limit": "20",
  "offset": "0",
  "filters": {
    "minVolume": 500,
    "minLiquidity": 2000,
    "minHolders": 30
  }
}
[2025-09-02 08:21:14] [INFO] Fetched 0 Solana tokens {
  "total": 0,
  "limit": "20",
  "offset": "0",
  "filters": {
    "minVolume": 500,
    "minLiquidity": 2000,
    "minHolders": 30
  }
}
[2025-09-02 08:21:54] [INFO] Fetched 0 Solana tokens {
  "total": 0,
  "limit": "20",
  "offset": "0",
  "filters": {
    "minVolume": 500,
    "minLiquidity": 2000,
    "minHolders": 30
  }
}
[2025-09-02 08:22:07] [INFO] Fetched 0 Solana tokens {
  "total": 0,
  "limit": "20",
  "offset": "0",
  "filters": {
    "minVolume": 500,
    "minLiquidity": 2000,
    "minHolders": 30
  }
}
[2025-09-02 08:22:07] [INFO] Fetched 0 Solana tokens {
  "total": 0,
  "limit": "20",
  "offset": "0",
  "filters": {
    "minVolume": 500,
    "minLiquidity": 2000,
    "minHolders": 30
  }
}
[2025-09-02 08:22:07] [INFO] Fetched 0 Solana tokens {
  "total": 0,
  "limit": "20",
  "offset": "0",
  "filters": {
    "minVolume": "1",
    "minLiquidity": "10",
    "minHolders": "1"
  }
}
[2025-09-02 08:22:14] [INFO] Fetched 0 Solana tokens {
  "total": 0,
  "limit": "20",
  "offset": "0",
  "filters": {
    "minVolume": 500,
    "minLiquidity": 2000,
    "minHolders": 30
  }
}
[2025-09-02 08:22:44] [INFO] Fetched 0 Solana tokens {
  "total": 0,
  "limit": "20",
  "offset": "0",
  "filters": {
    "minVolume": 500,
    "minLiquidity": 2000,
    "minHolders": 30
  }
}
[2025-09-02 08:23:05] [INFO] Fetched 0 Solana tokens {
  "total": 0,
  "limit": "20",
  "offset": "0",
  "filters": {
    "minVolume": 500,
    "minLiquidity": 2000,
    "minHolders": 30
  }
}
[2025-09-02 08:23:08] [INFO] Fetched 0 Solana tokens {
  "total": 0,
  "limit": "20",
  "offset": "0",
  "filters": {
    "minVolume": 500,
    "minLiquidity": 2000,
    "minHolders": 30
  }
}
[2025-09-02 08:23:08] [INFO] Fetched 0 Solana tokens {
  "total": 0,
  "limit": "20",
  "offset": "0",
  "filters": {
    "minVolume": "1",
    "minLiquidity": "10",
    "minHolders": "1"
  }
}
[2025-09-02 08:23:14] [INFO] Fetched 0 Solana tokens {
  "total": 0,
  "limit": "20",
  "offset": "0",
  "filters": {
    "minVolume": 500,
    "minLiquidity": 2000,
    "minHolders": 30
  }
}
[2025-09-02 08:23:44] [INFO] Fetched 0 Solana tokens {
  "total": 0,
  "limit": "20",
  "offset": "0",
  "filters": {
    "minVolume": 500,
    "minLiquidity": 2000,
    "minHolders": 30
  }
}
[2025-09-02 08:24:05] [INFO] Fetched 0 Solana tokens {
  "total": 0,
  "limit": "20",
  "offset": "0",
  "filters": {
    "minVolume": "1",
    "minLiquidity": "10",
    "minHolders": "1"
  }
}
[2025-09-02 08:24:07] [INFO] Fetched 0 Solana tokens {
  "total": 0,
  "limit": "20",
  "offset": "0",
  "filters": {
    "minVolume": 500,
    "minLiquidity": 2000,
    "minHolders": 30
  }
}
[2025-09-02 08:24:07] [INFO] Fetched 0 Solana tokens {
  "total": 0,
  "limit": "20",
  "offset": "0",
  "filters": {
    "minVolume": 500,
    "minLiquidity": 2000,
    "minHolders": 30
  }
}
[2025-09-02 08:24:47] [INFO] Fetched 0 Solana tokens {
  "total": 0,
  "limit": "20",
  "offset": "0",
  "filters": {
    "minVolume": 500,
    "minLiquidity": 2000,
    "minHolders": 30
  }
}
[2025-09-02 08:25:07] [INFO] Fetched 0 Solana tokens {
  "total": 0,
  "limit": "20",
  "offset": "0",
  "filters": {
    "minVolume": 500,
    "minLiquidity": 2000,
    "minHolders": 30
  }
}
[2025-09-02 08:25:07] [INFO] Fetched 0 Solana tokens {
  "total": 0,
  "limit": "20",
  "offset": "0",
  "filters": {
    "minVolume": "1",
    "minLiquidity": "10",
    "minHolders": "1"
  }
}
[2025-09-02 08:25:07] [INFO] Fetched 0 Solana tokens {
  "total": 0,
  "limit": "20",
  "offset": "0",
  "filters": {
    "minVolume": 500,
    "minLiquidity": 2000,
    "minHolders": 30
  }
}
[2025-09-02 08:25:22] [INFO] Fetched 0 Solana tokens {
  "total": 0,
  "limit": "20",
  "offset": "0",
  "filters": {
    "minVolume": 500,
    "minLiquidity": 2000,
    "minHolders": 30
  }
}
[2025-09-02 08:25:44] [INFO] Fetched 0 Solana tokens {
  "total": 0,
  "limit": "20",
  "offset": "0",
  "filters": {
    "minVolume": 500,
    "minLiquidity": 2000,
    "minHolders": 30
  }
}
[2025-09-02 08:26:05] [INFO] Fetched 0 Solana tokens {
  "total": 0,
  "limit": "20",
  "offset": "0",
  "filters": {
    "minVolume": "1",
    "minLiquidity": "10",
    "minHolders": "1"
  }
}
[2025-09-02 08:26:07] [INFO] Fetched 0 Solana tokens {
  "total": 0,
  "limit": "20",
  "offset": "0",
  "filters": {
    "minVolume": 500,
    "minLiquidity": 2000,
    "minHolders": 30
  }
}
[2025-09-02 08:26:07] [INFO] Fetched 0 Solana tokens {
  "total": 0,
  "limit": "20",
  "offset": "0",
  "filters": {
    "minVolume": 500,
    "minLiquidity": 2000,
    "minHolders": 30
  }
}
[2025-09-02 08:26:14] [INFO] Fetched 0 Solana tokens {
  "total": 0,
  "limit": "20",
  "offset": "0",
  "filters": {
    "minVolume": 500,
    "minLiquidity": 2000,
    "minHolders": 30
  }
}
[2025-09-02 08:27:07] [INFO] Fetched 0 Solana tokens {
  "total": 0,
  "limit": "20",
  "offset": "0",
  "filters": {
    "minVolume": 500,
    "minLiquidity": 2000,
    "minHolders": 30
  }
}
[2025-09-02 08:27:07] [INFO] Fetched 0 Solana tokens {
  "total": 0,
  "limit": "20",
  "offset": "0",
  "filters": {
    "minVolume": 500,
    "minLiquidity": 2000,
    "minHolders": 30
  }
}
[2025-09-02 08:27:07] [INFO] Fetched 0 Solana tokens {
  "total": 0,
  "limit": "20",
  "offset": "0",
  "filters": {
    "minVolume": "1",
    "minLiquidity": "10",
    "minHolders": "1"
  }
}
[2025-09-02 08:27:07] [INFO] Fetched 0 Solana tokens {
  "total": 0,
  "limit": "20",
  "offset": "0",
  "filters": {
    "minVolume": 500,
    "minLiquidity": 2000,
    "minHolders": 30
  }
}
[2025-09-02 08:27:45] [INFO] Fetched 0 Solana tokens {
  "total": 0,
  "limit": "20",
  "offset": "0",
  "filters": {
    "minVolume": 500,
    "minLiquidity": 2000,
    "minHolders": 30
  }
}
[2025-09-02 08:28:05] [INFO] Fetched 0 Solana tokens {
  "total": 0,
  "limit": "20",
  "offset": "0",
  "filters": {
    "minVolume": "1",
    "minLiquidity": "10",
    "minHolders": "1"
  }
}
[2025-09-02 08:28:07] [INFO] Fetched 0 Solana tokens {
  "total": 0,
  "limit": "20",
  "offset": "0",
  "filters": {
    "minVolume": 500,
    "minLiquidity": 2000,
    "minHolders": 30
  }
}
[2025-09-02 08:28:07] [INFO] Fetched 0 Solana tokens {
  "total": 0,
  "limit": "20",
  "offset": "0",
  "filters": {
    "minVolume": 500,
    "minLiquidity": 2000,
    "minHolders": 30
  }
}
[2025-09-02 08:28:14] [INFO] Fetched 0 Solana tokens {
  "total": 0,
  "limit": "20",
  "offset": "0",
  "filters": {
    "minVolume": 500,
    "minLiquidity": 2000,
    "minHolders": 30
  }
}
[2025-09-02 08:29:07] [INFO] Fetched 0 Solana tokens {
  "total": 0,
  "limit": "20",
  "offset": "0",
  "filters": {
    "minVolume": 500,
    "minLiquidity": 2000,
    "minHolders": 30
  }
}
[2025-09-02 08:29:07] [INFO] Fetched 0 Solana tokens {
  "total": 0,
  "limit": "20",
  "offset": "0",
  "filters": {
    "minVolume": 500,
    "minLiquidity": 2000,
    "minHolders": 30
  }
}
[2025-09-02 08:29:07] [INFO] Fetched 0 Solana tokens {
  "total": 0,
  "limit": "20",
  "offset": "0",
  "filters": {
    "minVolume": 500,
    "minLiquidity": 2000,
    "minHolders": 30
  }
}
[2025-09-02 08:29:07] [INFO] Fetched 0 Solana tokens {
  "total": 0,
  "limit": "20",
  "offset": "0",
  "filters": {
    "minVolume": "1",
    "minLiquidity": "10",
    "minHolders": "1"
  }
}
[2025-09-02 08:30:07] [INFO] Fetched 0 Solana tokens {
  "total": 0,
  "limit": "20",
  "offset": "0",
  "filters": {
    "minVolume": 500,
    "minLiquidity": 2000,
    "minHolders": 30
  }
}
[2025-09-02 08:30:11] [INFO] Fetched 0 Solana tokens {
  "total": 0,
  "limit": "20",
  "offset": "0",
  "filters": {
    "minVolume": "1",
    "minLiquidity": "10",
    "minHolders": "1"
  }
}
[2025-09-02 08:30:14] [ERROR] Error fetching tokens: {}
[2025-09-02 08:30:14] [ERROR] Error fetching tokens: {}
[2025-09-02 08:31:07] [INFO] Fetched 0 Solana tokens {
  "total": 0,
  "limit": "20",
  "offset": "0",
  "filters": {
    "minVolume": 500,
    "minLiquidity": 2000,
    "minHolders": 30
  }
}
[2025-09-02 08:31:08] [INFO] Fetched 0 Solana tokens {
  "total": 0,
  "limit": "20",
  "offset": "0",
  "filters": {
    "minVolume": 500,
    "minLiquidity": 2000,
    "minHolders": 30
  }
}
[2025-09-02 08:31:08] [INFO] Fetched 0 Solana tokens {
  "total": 0,
  "limit": "20",
  "offset": "0",
  "filters": {
    "minVolume": 500,
    "minLiquidity": 2000,
    "minHolders": 30
  }
}
[2025-09-02 08:31:08] [INFO] Fetched 0 Solana tokens {
  "total": 0,
  "limit": "20",
  "offset": "0",
  "filters": {
    "minVolume": "1",
    "minLiquidity": "10",
    "minHolders": "1"
  }
}
[2025-09-02 08:32:07] [INFO] Fetched 0 Solana tokens {
  "total": 0,
  "limit": "20",
  "offset": "0",
  "filters": {
    "minVolume": 500,
    "minLiquidity": 2000,
    "minHolders": 30
  }
}
[2025-09-02 08:32:07] [INFO] Fetched 0 Solana tokens {
  "total": 0,
  "limit": "20",
  "offset": "0",
  "filters": {
    "minVolume": "1",
    "minLiquidity": "10",
    "minHolders": "1"
  }
}
[2025-09-02 08:32:07] [INFO] Fetched 0 Solana tokens {
  "total": 0,
  "limit": "20",
  "offset": "0",
  "filters": {
    "minVolume": 500,
    "minLiquidity": 2000,
    "minHolders": 30
  }
}
[2025-09-02 08:32:07] [INFO] Fetched 0 Solana tokens {
  "total": 0,
  "limit": "20",
  "offset": "0",
  "filters": {
    "minVolume": 500,
    "minLiquidity": 2000,
    "minHolders": 30
  }
}
[2025-09-02 08:33:07] [INFO] Fetched 0 Solana tokens {
  "total": 0,
  "limit": "20",
  "offset": "0",
  "filters": {
    "minVolume": 500,
    "minLiquidity": 2000,
    "minHolders": 30
  }
}
[2025-09-02 08:33:07] [INFO] Fetched 0 Solana tokens {
  "total": 0,
  "limit": "20",
  "offset": "0",
  "filters": {
    "minVolume": 500,
    "minLiquidity": 2000,
    "minHolders": 30
  }
}
[2025-09-02 08:33:07] [INFO] Fetched 0 Solana tokens {
  "total": 0,
  "limit": "20",
  "offset": "0",
  "filters": {
    "minVolume": "1",
    "minLiquidity": "10",
    "minHolders": "1"
  }
}
[2025-09-02 08:33:07] [INFO] Fetched 0 Solana tokens {
  "total": 0,
  "limit": "20",
  "offset": "0",
  "filters": {
    "minVolume": 500,
    "minLiquidity": 2000,
    "minHolders": 30
  }
}
[2025-09-02 08:34:07] [INFO] Fetched 0 Solana tokens {
  "total": 0,
  "limit": "20",
  "offset": "0",
  "filters": {
    "minVolume": 500,
    "minLiquidity": 2000,
    "minHolders": 30
  }
}
[2025-09-02 08:34:07] [INFO] Fetched 0 Solana tokens {
  "total": 0,
  "limit": "20",
  "offset": "0",
  "filters": {
    "minVolume": 500,
    "minLiquidity": 2000,
    "minHolders": 30
  }
}
[2025-09-02 08:34:07] [INFO] Fetched 0 Solana tokens {
  "total": 0,
  "limit": "20",
  "offset": "0",
  "filters": {
    "minVolume": 500,
    "minLiquidity": 2000,
    "minHolders": 30
  }
}
[2025-09-02 08:34:07] [INFO] Fetched 0 Solana tokens {
  "total": 0,
  "limit": "20",
  "offset": "0",
  "filters": {
    "minVolume": "1",
    "minLiquidity": "10",
    "minHolders": "1"
  }
}
[2025-09-02 08:35:07] [INFO] Fetched 0 Solana tokens {
  "total": 0,
  "limit": "20",
  "offset": "0",
  "filters": {
    "minVolume": "1",
    "minLiquidity": "10",
    "minHolders": "1"
  }
}
[2025-09-02 08:35:07] [INFO] Fetched 0 Solana tokens {
  "total": 0,
  "limit": "20",
  "offset": "0",
  "filters": {
    "minVolume": 500,
    "minLiquidity": 2000,
    "minHolders": 30
  }
}
[2025-09-02 08:35:07] [INFO] Fetched 0 Solana tokens {
  "total": 0,
  "limit": "20",
  "offset": "0",
  "filters": {
    "minVolume": 500,
    "minLiquidity": 2000,
    "minHolders": 30
  }
}
[2025-09-02 08:35:07] [INFO] Fetched 0 Solana tokens {
  "total": 0,
  "limit": "20",
  "offset": "0",
  "filters": {
    "minVolume": 500,
    "minLiquidity": 2000,
    "minHolders": 30
  }
}
[2025-09-02 08:36:04] [INFO] Fetched 0 Solana tokens {
  "total": 0,
  "limit": "20",
  "offset": "0",
  "filters": {
    "minVolume": 500,
    "minLiquidity": 2000,
    "minHolders": 30
  }
}
[2025-09-02 08:36:07] [INFO] Fetched 0 Solana tokens {
  "total": 0,
  "limit": "20",
  "offset": "0",
  "filters": {
    "minVolume": 500,
    "minLiquidity": 2000,
    "minHolders": 30
  }
}
[2025-09-02 08:36:07] [INFO] Fetched 0 Solana tokens {
  "total": 0,
  "limit": "20",
  "offset": "0",
  "filters": {
    "minVolume": "1",
    "minLiquidity": "10",
    "minHolders": "1"
  }
}
[2025-09-02 08:36:07] [INFO] Fetched 0 Solana tokens {
  "total": 0,
  "limit": "20",
  "offset": "0",
  "filters": {
    "minVolume": 500,
    "minLiquidity": 2000,
    "minHolders": 30
  }
}
[2025-09-02 08:36:14] [INFO] Fetched 0 Solana tokens {
  "total": 0,
  "limit": "20",
  "offset": "0",
  "filters": {
    "minVolume": 500,
    "minLiquidity": 2000,
    "minHolders": 30
  }
}
[2025-09-02 08:36:44] [INFO] Fetched 0 Solana tokens {
  "total": 0,
  "limit": "20",
  "offset": "0",
  "filters": {
    "minVolume": 500,
    "minLiquidity": 2000,
    "minHolders": 30
  }
}
[2025-09-02 08:37:07] [INFO] Fetched 0 Solana tokens {
  "total": 0,
  "limit": "20",
  "offset": "0",
  "filters": {
    "minVolume": "1",
    "minLiquidity": "10",
    "minHolders": "1"
  }
}
[2025-09-02 08:37:07] [INFO] Fetched 0 Solana tokens {
  "total": 0,
  "limit": "20",
  "offset": "0",
  "filters": {
    "minVolume": 500,
    "minLiquidity": 2000,
    "minHolders": 30
  }
}
[2025-09-02 08:37:07] [INFO] Fetched 0 Solana tokens {
  "total": 0,
  "limit": "20",
  "offset": "0",
  "filters": {
    "minVolume": 500,
    "minLiquidity": 2000,
    "minHolders": 30
  }
}
[2025-09-02 08:37:47] [INFO] Fetched 0 Solana tokens {
  "total": 0,
  "limit": "20",
  "offset": "0",
  "filters": {
    "minVolume": 500,
    "minLiquidity": 2000,
    "minHolders": 30
  }
}
[2025-09-02 08:38:05] [INFO] Fetched 0 Solana tokens {
  "total": 0,
  "limit": "20",
  "offset": "0",
  "filters": {
    "minVolume": 500,
    "minLiquidity": 2000,
    "minHolders": 30
  }
}
[2025-09-02 08:38:07] [INFO] Fetched 0 Solana tokens {
  "total": 0,
  "limit": "20",
  "offset": "0",
  "filters": {
    "minVolume": "1",
    "minLiquidity": "10",
    "minHolders": "1"
  }
}
[2025-09-02 08:38:08] [INFO] Fetched 0 Solana tokens {
  "total": 0,
  "limit": "20",
  "offset": "0",
  "filters": {
    "minVolume": 500,
    "minLiquidity": 2000,
    "minHolders": 30
  }
}
[2025-09-02 08:38:43] [INFO] Fetched 0 Solana tokens {
  "total": 0,
  "limit": "20",
  "offset": "0",
  "filters": {
    "minVolume": 500,
    "minLiquidity": 2000,
    "minHolders": 30
  }
}
[2025-09-02 08:38:44] [INFO] Fetched 0 Solana tokens {
  "total": 0,
  "limit": "20",
  "offset": "0",
  "filters": {
    "minVolume": 500,
    "minLiquidity": 2000,
    "minHolders": 30
  }
}
[2025-09-02 08:39:05] [INFO] Fetched 0 Solana tokens {
  "total": 0,
  "limit": "20",
  "offset": "0",
  "filters": {
    "minVolume": 500,
    "minLiquidity": 2000,
    "minHolders": 30
  }
}
[2025-09-02 08:39:05] [INFO] Fetched 0 Solana tokens {
  "total": 0,
  "limit": "20",
  "offset": "0",
  "filters": {
    "minVolume": 500,
    "minLiquidity": 2000,
    "minHolders": 30
  }
}
[2025-09-02 08:39:07] [INFO] Fetched 0 Solana tokens {
  "total": 0,
  "limit": "20",
  "offset": "0",
  "filters": {
    "minVolume": "1",
    "minLiquidity": "10",
    "minHolders": "1"
  }
}
[2025-09-02 08:39:14] [INFO] Fetched 0 Solana tokens {
  "total": 0,
  "limit": "20",
  "offset": "0",
  "filters": {
    "minVolume": 500,
    "minLiquidity": 2000,
    "minHolders": 30
  }
}
[2025-09-02 08:40:07] [INFO] Fetched 0 Solana tokens {
  "total": 0,
  "limit": "20",
  "offset": "0",
  "filters": {
    "minVolume": "1",
    "minLiquidity": "10",
    "minHolders": "1"
  }
}
[2025-09-02 08:40:07] [INFO] Fetched 0 Solana tokens {
  "total": 0,
  "limit": "20",
  "offset": "0",
  "filters": {
    "minVolume": 500,
    "minLiquidity": 2000,
    "minHolders": 30
  }
}
[2025-09-02 08:40:07] [INFO] Fetched 0 Solana tokens {
  "total": 0,
  "limit": "20",
  "offset": "0",
  "filters": {
    "minVolume": 500,
    "minLiquidity": 2000,
    "minHolders": 30
  }
}
[2025-09-02 08:40:11] [INFO] Fetched 0 Solana tokens {
  "total": 0,
  "limit": "20",
  "offset": "0",
  "filters": {
    "minVolume": 500,
    "minLiquidity": 2000,
    "minHolders": 30
  }
}
[2025-09-02 08:41:07] [INFO] Fetched 0 Solana tokens {
  "total": 0,
  "limit": "20",
  "offset": "0",
  "filters": {
    "minVolume": 500,
    "minLiquidity": 2000,
    "minHolders": 30
  }
}
[2025-09-02 08:41:07] [INFO] Fetched 0 Solana tokens {
  "total": 0,
  "limit": "20",
  "offset": "0",
  "filters": {
    "minVolume": "1",
    "minLiquidity": "10",
    "minHolders": "1"
  }
}
[2025-09-02 08:41:07] [INFO] Fetched 0 Solana tokens {
  "total": 0,
  "limit": "20",
  "offset": "0",
  "filters": {
    "minVolume": 500,
    "minLiquidity": 2000,
    "minHolders": 30
  }
}
[2025-09-02 08:41:07] [INFO] Fetched 0 Solana tokens {
  "total": 0,
  "limit": "20",
  "offset": "0",
  "filters": {
    "minVolume": 500,
    "minLiquidity": 2000,
    "minHolders": 30
  }
}
[2025-09-02 08:42:08] [INFO] Fetched 0 Solana tokens {
  "total": 0,
  "limit": "20",
  "offset": "0",
  "filters": {
    "minVolume": "1",
    "minLiquidity": "10",
    "minHolders": "1"
  }
}
[2025-09-02 08:42:08] [INFO] Fetched 0 Solana tokens {
  "total": 0,
  "limit": "20",
  "offset": "0",
  "filters": {
    "minVolume": 500,
    "minLiquidity": 2000,
    "minHolders": 30
  }
}
[2025-09-02 08:42:08] [INFO] Fetched 0 Solana tokens {
  "total": 0,
  "limit": "20",
  "offset": "0",
  "filters": {
    "minVolume": 500,
    "minLiquidity": 2000,
    "minHolders": 30
  }
}
[2025-09-02 08:42:08] [INFO] Fetched 0 Solana tokens {
  "total": 0,
  "limit": "20",
  "offset": "0",
  "filters": {
    "minVolume": 500,
    "minLiquidity": 2000,
    "minHolders": 30
  }
}
[2025-09-02 08:43:07] [INFO] Fetched 0 Solana tokens {
  "total": 0,
  "limit": "20",
  "offset": "0",
  "filters": {
    "minVolume": 500,
    "minLiquidity": 2000,
    "minHolders": 30
  }
}
[2025-09-02 08:43:07] [INFO] Fetched 0 Solana tokens {
  "total": 0,
  "limit": "20",
  "offset": "0",
  "filters": {
    "minVolume": "1",
    "minLiquidity": "10",
    "minHolders": "1"
  }
}
[2025-09-02 08:43:07] [INFO] Fetched 0 Solana tokens {
  "total": 0,
  "limit": "20",
  "offset": "0",
  "filters": {
    "minVolume": 500,
    "minLiquidity": 2000,
    "minHolders": 30
  }
}
[2025-09-02 08:43:07] [INFO] Fetched 0 Solana tokens {
  "total": 0,
  "limit": "20",
  "offset": "0",
  "filters": {
    "minVolume": 500,
    "minLiquidity": 2000,
    "minHolders": 30
  }
}
[2025-09-02 08:44:07] [INFO] Fetched 0 Solana tokens {
  "total": 0,
  "limit": "20",
  "offset": "0",
  "filters": {
    "minVolume": 500,
    "minLiquidity": 2000,
    "minHolders": 30
  }
}
[2025-09-02 08:44:07] [INFO] Fetched 0 Solana tokens {
  "total": 0,
  "limit": "20",
  "offset": "0",
  "filters": {
    "minVolume": 500,
    "minLiquidity": 2000,
    "minHolders": 30
  }
}
[2025-09-02 08:44:07] [INFO] Fetched 0 Solana tokens {
  "total": 0,
  "limit": "20",
  "offset": "0",
  "filters": {
    "minVolume": "1",
    "minLiquidity": "10",
    "minHolders": "1"
  }
}
[2025-09-02 08:44:07] [INFO] Fetched 0 Solana tokens {
  "total": 0,
  "limit": "20",
  "offset": "0",
  "filters": {
    "minVolume": 500,
    "minLiquidity": 2000,
    "minHolders": 30
  }
}
[2025-09-02 08:45:07] [INFO] Fetched 0 Solana tokens {
  "total": 0,
  "limit": "20",
  "offset": "0",
  "filters": {
    "minVolume": "1",
    "minLiquidity": "10",
    "minHolders": "1"
  }
}
[2025-09-02 08:45:07] [INFO] Fetched 0 Solana tokens {
  "total": 0,
  "limit": "20",
  "offset": "0",
  "filters": {
    "minVolume": 500,
    "minLiquidity": 2000,
    "minHolders": 30
  }
}
[2025-09-02 08:45:07] [INFO] Fetched 0 Solana tokens {
  "total": 0,
  "limit": "20",
  "offset": "0",
  "filters": {
    "minVolume": 500,
    "minLiquidity": 2000,
    "minHolders": 30
  }
}
[2025-09-02 08:45:07] [INFO] Fetched 0 Solana tokens {
  "total": 0,
  "limit": "20",
  "offset": "0",
  "filters": {
    "minVolume": 500,
    "minLiquidity": 2000,
    "minHolders": 30
  }
}
[2025-09-02 08:46:07] [INFO] Fetched 0 Solana tokens {
  "total": 0,
  "limit": "20",
  "offset": "0",
  "filters": {
    "minVolume": 500,
    "minLiquidity": 2000,
    "minHolders": 30
  }
}
[2025-09-02 08:46:07] [INFO] Fetched 0 Solana tokens {
  "total": 0,
  "limit": "20",
  "offset": "0",
  "filters": {
    "minVolume": 500,
    "minLiquidity": 2000,
    "minHolders": 30
  }
}
[2025-09-02 08:46:07] [INFO] Fetched 0 Solana tokens {
  "total": 0,
  "limit": "20",
  "offset": "0",
  "filters": {
    "minVolume": "1",
    "minLiquidity": "10",
    "minHolders": "1"
  }
}
[2025-09-02 08:46:08] [INFO] Fetched 0 Solana tokens {
  "total": 0,
  "limit": "20",
  "offset": "0",
  "filters": {
    "minVolume": 500,
    "minLiquidity": 2000,
    "minHolders": 30
  }
}
[2025-09-02 08:46:14] [INFO] Fetched 0 Solana tokens {
  "total": 0,
  "limit": "20",
  "offset": "0",
  "filters": {
    "minVolume": 500,
    "minLiquidity": 2000,
    "minHolders": 30
  }
}
[2025-09-02 08:46:44] [INFO] Fetched 0 Solana tokens {
  "total": 0,
  "limit": "20",
  "offset": "0",
  "filters": {
    "minVolume": 500,
    "minLiquidity": 2000,
    "minHolders": 30
  }
}
[2025-09-02 08:47:07] [INFO] Fetched 0 Solana tokens {
  "total": 0,
  "limit": "20",
  "offset": "0",
  "filters": {
    "minVolume": 500,
    "minLiquidity": 2000,
    "minHolders": 30
  }
}
[2025-09-02 08:47:07] [INFO] Fetched 0 Solana tokens {
  "total": 0,
  "limit": "20",
  "offset": "0",
  "filters": {
    "minVolume": "1",
    "minLiquidity": "10",
    "minHolders": "1"
  }
}
[2025-09-02 08:47:07] [INFO] Fetched 0 Solana tokens {
  "total": 0,
  "limit": "20",
  "offset": "0",
  "filters": {
    "minVolume": 500,
    "minLiquidity": 2000,
    "minHolders": 30
  }
}
[2025-09-02 08:47:14] [INFO] Fetched 0 Solana tokens {
  "total": 0,
  "limit": "20",
  "offset": "0",
  "filters": {
    "minVolume": 500,
    "minLiquidity": 2000,
    "minHolders": 30
  }
}
[2025-09-02 08:47:44] [INFO] Fetched 0 Solana tokens {
  "total": 0,
  "limit": "20",
  "offset": "0",
  "filters": {
    "minVolume": 500,
    "minLiquidity": 2000,
    "minHolders": 30
  }
}
[2025-09-02 08:48:05] [INFO] Fetched 0 Solana tokens {
  "total": 0,
  "limit": "20",
  "offset": "0",
  "filters": {
    "minVolume": "1",
    "minLiquidity": "10",
    "minHolders": "1"
  }
}
[2025-09-02 08:48:07] [INFO] Fetched 0 Solana tokens {
  "total": 0,
  "limit": "20",
  "offset": "0",
  "filters": {
    "minVolume": 500,
    "minLiquidity": 2000,
    "minHolders": 30
  }
}
[2025-09-02 08:48:08] [INFO] Fetched 0 Solana tokens {
  "total": 0,
  "limit": "20",
  "offset": "0",
  "filters": {
    "minVolume": 500,
    "minLiquidity": 2000,
    "minHolders": 30
  }
}
[2025-09-02 08:48:14] [INFO] Fetched 0 Solana tokens {
  "total": 0,
  "limit": "20",
  "offset": "0",
  "filters": {
    "minVolume": 500,
    "minLiquidity": 2000,
    "minHolders": 30
  }
}
[2025-09-02 08:48:22] [INFO] Fetched 0 Solana tokens {
  "total": 0,
  "limit": "20",
  "offset": "0",
  "filters": {
    "minVolume": 500,
    "minLiquidity": 2000,
    "minHolders": 30
  }
}
[2025-09-02 08:48:39] [INFO] 🔄 Shutting down server...
[2025-09-02 08:51:53] [INFO] 🟣 Initializing Solana token monitoring system...
[2025-09-02 08:51:53] [INFO] 🔄 Testing database connection...
[2025-09-02 08:51:55] [INFO] ✅ Solana monitoring system initialized
[2025-09-02 08:51:55] [INFO] 🟣 Solana Configuration Summary: {
  "nodeEnv": "development",
  "port": 3000,
  "blockchain": "Solana",
  "cluster": "mainnet-beta",
  "rpcUrl": "https://api.mainnet-beta.solana.com",
  "supportedDEXs": [
    "raydium",
    "orca",
    "jupiter",
    "serum"
  ],
  "priorityDEXs": [
    "raydium",
    "orca",
    "jupiter"
  ],
  "scanInterval": "3 minutes",
  "maxTokensPerScan": 150,
  "logLevel": "info",
  "dbHost": "db.quxevkqidkqpkydlssni.supabase.co",
  "dbName": "postgres",
  "filterSummary": {
    "minHolders": 10,
    "minVolume": "$10",
    "minLiquidity": "$100",
    "maxTokenAge": "24h",
    "maxRugScore": 6
  }
}
[2025-09-02 08:51:55] [INFO] 🟣 Solana Token Monitor API running on http://localhost:3000
[2025-09-02 08:51:55] [INFO] 🎯 Monitoring DEXs: raydium, orca, jupiter, serum
[2025-09-02 08:52:07] [INFO] Fetched 1 Solana tokens {
  "total": 1,
  "limit": "20",
  "offset": "0",
  "filters": {
    "minVolume": 10,
    "minLiquidity": 100,
    "minHolders": 10
  }
}
[2025-09-02 08:52:07] [INFO] Fetched 1 Solana tokens {
  "total": 1,
  "limit": "20",
  "offset": "0",
  "filters": {
    "minVolume": 10,
    "minLiquidity": 100,
    "minHolders": 10
  }
}
[2025-09-02 08:52:07] [INFO] Fetched 1 Solana tokens {
  "total": 1,
  "limit": "20",
  "offset": "0",
  "filters": {
    "minVolume": "1",
    "minLiquidity": "10",
    "minHolders": "1"
  }
}
[2025-09-02 08:52:17] [INFO] Fetched 1 Solana tokens {
  "total": 1,
  "limit": "20",
  "offset": "0",
  "filters": {
    "minVolume": 10,
    "minLiquidity": 100,
    "minHolders": 10
  }
}
[2025-09-02 08:52:47] [INFO] Fetched 1 Solana tokens {
  "total": 1,
  "limit": "20",
  "offset": "0",
  "filters": {
    "minVolume": 10,
    "minLiquidity": 100,
    "minHolders": 10
  }
}
[2025-09-02 08:53:05] [INFO] Fetched 1 Solana tokens {
  "total": 1,
  "limit": "20",
  "offset": "0",
  "filters": {
    "minVolume": 10,
    "minLiquidity": 100,
    "minHolders": 10
  }
}
[2025-09-02 08:53:07] [INFO] Fetched 1 Solana tokens {
  "total": 1,
  "limit": "20",
  "offset": "0",
  "filters": {
    "minVolume": 10,
    "minLiquidity": 100,
    "minHolders": 10
  }
}
[2025-09-02 08:53:07] [INFO] Fetched 1 Solana tokens {
  "total": 1,
  "limit": "20",
  "offset": "0",
  "filters": {
    "minVolume": "1",
    "minLiquidity": "10",
    "minHolders": "1"
  }
}
[2025-09-02 08:53:17] [INFO] Fetched 1 Solana tokens {
  "total": 1,
  "limit": "20",
  "offset": "0",
  "filters": {
    "minVolume": 10,
    "minLiquidity": 100,
    "minHolders": 10
  }
}
[2025-09-02 08:53:24] [INFO] Fetched 1 Solana tokens {
  "total": 1,
  "limit": "20",
  "offset": "0",
  "filters": {
    "minVolume": 10,
    "minLiquidity": 100,
    "minHolders": 10
  }
}
[2025-09-02 08:53:25] [INFO] Fetched 1 Solana tokens {
  "total": 1,
  "limit": "20",
  "offset": "0",
  "filters": {
    "minVolume": 10,
    "minLiquidity": 100,
    "minHolders": 10
  }
}
[2025-09-02 08:53:55] [INFO] Fetched 1 Solana tokens {
  "total": 1,
  "limit": "20",
  "offset": "0",
  "filters": {
    "minVolume": 10,
    "minLiquidity": 100,
    "minHolders": 10
  }
}
[2025-09-02 08:54:05] [INFO] Fetched 1 Solana tokens {
  "total": 1,
  "limit": "20",
  "offset": "0",
  "filters": {
    "minVolume": 10,
    "minLiquidity": 100,
    "minHolders": 10
  }
}
[2025-09-02 08:54:07] [INFO] Fetched 1 Solana tokens {
  "total": 1,
  "limit": "20",
  "offset": "0",
  "filters": {
    "minVolume": "1",
    "minLiquidity": "10",
    "minHolders": "1"
  }
}
[2025-09-02 08:54:07] [INFO] Fetched 1 Solana tokens {
  "total": 1,
  "limit": "20",
  "offset": "0",
  "filters": {
    "minVolume": 10,
    "minLiquidity": 100,
    "minHolders": 10
  }
}
[2025-09-02 08:54:22] [INFO] Fetched 1 Solana tokens {
  "total": 1,
  "limit": "20",
  "offset": "0",
  "filters": {
    "minVolume": 10,
    "minLiquidity": 100,
    "minHolders": 10
  }
}
[2025-09-02 08:54:25] [INFO] Fetched 1 Solana tokens {
  "total": 1,
  "limit": "20",
  "offset": "0",
  "filters": {
    "minVolume": 10,
    "minLiquidity": 100,
    "minHolders": 10
  }
}
[2025-09-02 08:54:55] [INFO] Fetched 1 Solana tokens {
  "total": 1,
  "limit": "20",
  "offset": "0",
  "filters": {
    "minVolume": 10,
    "minLiquidity": 100,
    "minHolders": 10
  }
}
[2025-09-02 08:54:59] [INFO] Fetched 1 Solana tokens {
  "total": 1,
  "limit": "20",
  "offset": "0",
  "filters": {
    "minVolume": 10,
    "minLiquidity": 100,
    "minHolders": 10
  }
}
[2025-09-02 08:55:05] [INFO] Fetched 1 Solana tokens {
  "total": 1,
  "limit": "20",
  "offset": "0",
  "filters": {
    "minVolume": "1",
    "minLiquidity": "10",
    "minHolders": "1"
  }
}
[2025-09-02 08:55:07] [INFO] Fetched 1 Solana tokens {
  "total": 1,
  "limit": "20",
  "offset": "0",
  "filters": {
    "minVolume": 10,
    "minLiquidity": 100,
    "minHolders": 10
  }
}
[2025-09-02 08:55:07] [INFO] Fetched 1 Solana tokens {
  "total": 1,
  "limit": "20",
  "offset": "0",
  "filters": {
    "minVolume": 10,
    "minLiquidity": 100,
    "minHolders": 10
  }
}
[2025-09-02 08:55:23] [INFO] 🔄 Shutting down server...
[2025-09-02 09:02:23] [INFO] 🟣 Initializing Solana token monitoring system...
[2025-09-02 09:02:23] [INFO] 🔄 Testing database connection...
[2025-09-02 09:02:25] [INFO] ✅ Solana monitoring system initialized
[2025-09-02 09:02:25] [INFO] 🟣 Solana Configuration Summary: {
  "nodeEnv": "development",
  "port": 3000,
  "blockchain": "Solana",
  "cluster": "mainnet-beta",
  "rpcUrl": "https://api.mainnet-beta.solana.com",
  "supportedDEXs": [
    "raydium",
    "orca",
    "jupiter",
    "serum"
  ],
  "priorityDEXs": [
    "raydium",
    "orca",
    "jupiter"
  ],
  "scanInterval": "3 minutes",
  "maxTokensPerScan": 150,
  "logLevel": "info",
  "dbHost": "db.quxevkqidkqpkydlssni.supabase.co",
  "dbName": "postgres",
  "filterSummary": {
    "minHolders": 10,
    "minVolume": "$10",
    "minLiquidity": "$100",
    "maxTokenAge": "24h",
    "maxRugScore": 6
  }
}
[2025-09-02 09:02:25] [INFO] 🟣 Solana Token Monitor API running on http://localhost:3000
[2025-09-02 09:02:25] [INFO] 🎯 Monitoring DEXs: raydium, orca, jupiter, serum
[2025-09-02 09:02:57] [INFO] Fetched 1 Solana tokens {
  "total": 1,
  "limit": "20",
  "offset": "0",
  "filters": {
    "minVolume": 10,
    "minLiquidity": 100,
    "minHolders": 10
  }
}
[2025-09-02 09:03:05] [INFO] Fetched 1 Solana tokens {
  "total": 1,
  "limit": "20",
  "offset": "0",
  "filters": {
    "minVolume": 10,
    "minLiquidity": 100,
    "minHolders": 10
  }
}
[2025-09-02 09:03:07] [INFO] Fetched 1 Solana tokens {
  "total": 1,
  "limit": "20",
  "offset": "0",
  "filters": {
    "minVolume": "1",
    "minLiquidity": "10",
    "minHolders": "1"
  }
}
[2025-09-02 09:03:07] [INFO] Fetched 1 Solana tokens {
  "total": 1,
  "limit": "20",
  "offset": "0",
  "filters": {
    "minVolume": 10,
    "minLiquidity": 100,
    "minHolders": 10
  }
}
[2025-09-02 09:03:13] [INFO] Fetched 1 Solana tokens {
  "total": 1,
  "limit": "20",
  "offset": "0",
  "filters": {
    "minVolume": 10,
    "minLiquidity": 100,
    "minHolders": 10
  }
}
[2025-09-02 09:03:43] [INFO] Fetched 1 Solana tokens {
  "total": 1,
  "limit": "20",
  "offset": "0",
  "filters": {
    "minVolume": 10,
    "minLiquidity": 100,
    "minHolders": 10
  }
}
[2025-09-02 09:04:05] [INFO] Fetched 1 Solana tokens {
  "total": 1,
  "limit": "20",
  "offset": "0",
  "filters": {
    "minVolume": 10,
    "minLiquidity": 100,
    "minHolders": 10
  }
}
[2025-09-02 09:04:12] [INFO] Fetched 1 Solana tokens {
  "total": 1,
  "limit": "20",
  "offset": "0",
  "filters": {
    "minVolume": "1",
    "minLiquidity": "10",
    "minHolders": "1"
  }
}
[2025-09-02 09:04:12] [INFO] Fetched 1 Solana tokens {
  "total": 1,
  "limit": "20",
  "offset": "0",
  "filters": {
    "minVolume": 10,
    "minLiquidity": 100,
    "minHolders": 10
  }
}
[2025-09-02 09:04:14] [INFO] Fetched 1 Solana tokens {
  "total": 1,
  "limit": "20",
  "offset": "0",
  "filters": {
    "minVolume": 10,
    "minLiquidity": 100,
    "minHolders": 10
  }
}
[2025-09-02 09:04:44] [INFO] Fetched 1 Solana tokens {
  "total": 1,
  "limit": "20",
  "offset": "0",
  "filters": {
    "minVolume": 10,
    "minLiquidity": 100,
    "minHolders": 10
  }
}
[2025-09-02 09:05:05] [INFO] Fetched 1 Solana tokens {
  "total": 1,
  "limit": "20",
  "offset": "0",
  "filters": {
    "minVolume": 10,
    "minLiquidity": 100,
    "minHolders": 10
  }
}
[2025-09-02 09:05:07] [INFO] Fetched 1 Solana tokens {
  "total": 1,
  "limit": "20",
  "offset": "0",
  "filters": {
    "minVolume": "1",
    "minLiquidity": "10",
    "minHolders": "1"
  }
}
[2025-09-02 09:05:07] [INFO] Fetched 1 Solana tokens {
  "total": 1,
  "limit": "20",
  "offset": "0",
  "filters": {
    "minVolume": 10,
    "minLiquidity": 100,
    "minHolders": 10
  }
}
[2025-09-02 09:05:14] [INFO] Fetched 1 Solana tokens {
  "total": 1,
  "limit": "20",
  "offset": "0",
  "filters": {
    "minVolume": 10,
    "minLiquidity": 100,
    "minHolders": 10
  }
}
[2025-09-02 09:05:44] [INFO] Fetched 1 Solana tokens {
  "total": 1,
  "limit": "20",
  "offset": "0",
  "filters": {
    "minVolume": 10,
    "minLiquidity": 100,
    "minHolders": 10
  }
}
[2025-09-02 09:05:55] [INFO] 🔄 Shutting down server...
[2025-09-02 09:06:03] [INFO] 🟣 Initializing Solana token monitoring system...
[2025-09-02 09:06:03] [INFO] 🔄 Testing database connection...
[2025-09-02 09:06:05] [INFO] ✅ Solana monitoring system initialized
[2025-09-02 09:06:05] [INFO] 🟣 Solana Configuration Summary: {
  "nodeEnv": "development",
  "port": 3000,
  "blockchain": "Solana",
  "cluster": "mainnet-beta",
  "rpcUrl": "https://api.mainnet-beta.solana.com",
  "supportedDEXs": [
    "raydium",
    "orca",
    "jupiter",
    "serum"
  ],
  "priorityDEXs": [
    "raydium",
    "orca",
    "jupiter"
  ],
  "scanInterval": "3 minutes",
  "maxTokensPerScan": 150,
  "logLevel": "info",
  "dbHost": "db.quxevkqidkqpkydlssni.supabase.co",
  "dbName": "postgres",
  "filterSummary": {
    "minHolders": 10,
    "minVolume": "$10",
    "minLiquidity": "$100",
    "maxTokenAge": "24h",
    "maxRugScore": 6
  }
}
[2025-09-02 09:06:05] [INFO] 🟣 Solana Token Monitor API running on http://localhost:3000
[2025-09-02 09:06:05] [INFO] 🎯 Monitoring DEXs: raydium, orca, jupiter, serum
[2025-09-02 09:06:16] [INFO] Fetched 1 Solana tokens {
  "total": 1,
  "limit": "20",
  "offset": "0",
  "filters": {
    "minVolume": 10,
    "minLiquidity": 100,
    "minHolders": 10
  }
}
[2025-09-02 09:06:23] [INFO] 🔄 Shutting down server...
[2025-09-02 09:06:36] [INFO] 🟣 Initializing Solana token monitoring system...
[2025-09-02 09:06:36] [INFO] 🔄 Testing database connection...
[2025-09-02 09:06:38] [INFO] ✅ Solana monitoring system initialized
[2025-09-02 09:06:38] [INFO] 🟣 Solana Configuration Summary: {
  "nodeEnv": "development",
  "port": 3000,
  "blockchain": "Solana",
  "cluster": "mainnet-beta",
  "rpcUrl": "https://api.mainnet-beta.solana.com",
  "supportedDEXs": [
    "raydium",
    "orca",
    "jupiter",
    "serum"
  ],
  "priorityDEXs": [
    "raydium",
    "orca",
    "jupiter"
  ],
  "scanInterval": "3 minutes",
  "maxTokensPerScan": 150,
  "logLevel": "info",
  "dbHost": "db.quxevkqidkqpkydlssni.supabase.co",
  "dbName": "postgres",
  "filterSummary": {
    "minHolders": 10,
    "minVolume": "$10",
    "minLiquidity": "$100",
    "maxTokenAge": "24h",
    "maxRugScore": 6
  }
}
[2025-09-02 09:06:38] [INFO] 🟣 Solana Token Monitor API running on http://localhost:3000
[2025-09-02 09:06:38] [INFO] 🎯 Monitoring DEXs: raydium, orca, jupiter, serum
[2025-09-02 09:06:46] [INFO] Fetched 1 Solana tokens {
  "total": 1,
  "limit": "20",
  "offset": "0",
  "filters": {
    "minVolume": 10,
    "minLiquidity": 100,
    "minHolders": 10
  }
}
[2025-09-02 09:06:51] [INFO] Fetched 1 Solana tokens {
  "total": 1,
  "limit": "20",
  "offset": "0",
  "filters": {
    "minVolume": 10,
    "minLiquidity": 100,
    "minHolders": 10
  }
}
[2025-09-02 09:07:03] [INFO] 🔄 Shutting down server...
